{"total": {"lines":{"total":1181,"covered":1108,"skipped":0,"pct":93.81},"statements":{"total":1181,"covered":1108,"skipped":0,"pct":93.81},"functions":{"total":104,"covered":100,"skipped":0,"pct":96.15},"branches":{"total":306,"covered":241,"skipped":0,"pct":78.75},"branchesTrue":{"total":0,"covered":0,"skipped":0,"pct":100}}
,"C:\\Users\\piero\\Documents\\SOFT2\\SOFTWARE_2\\Front\\scripts\\print-coverage.mjs": {"lines":{"total":62,"covered":62,"skipped":0,"pct":100},"functions":{"total":5,"covered":5,"skipped":0,"pct":100},"statements":{"total":62,"covered":62,"skipped":0,"pct":100},"branches":{"total":15,"covered":15,"skipped":0,"pct":100}}
,"C:\\Users\\piero\\Documents\\SOFT2\\SOFTWARE_2\\Front\\scripts\\run-lighthouse.mjs": {"lines":{"total":48,"covered":48,"skipped":0,"pct":100},"functions":{"total":5,"covered":5,"skipped":0,"pct":100},"statements":{"total":48,"covered":48,"skipped":0,"pct":100},"branches":{"total":9,"covered":8,"skipped":0,"pct":88.88}}
,"C:\\Users\\piero\\Documents\\SOFT2\\SOFTWARE_2\\Front\\src\\pages\\AdminCatalog.jsx": {"lines":{"total":113,"covered":113,"skipped":0,"pct":100},"functions":{"total":19,"covered":19,"skipped":0,"pct":100},"statements":{"total":113,"covered":113,"skipped":0,"pct":100},"branches":{"total":39,"covered":39,"skipped":0,"pct":100}}
,"C:\\Users\\piero\\Documents\\SOFT2\\SOFTWARE_2\\Front\\src\\pages\\ChooseRole.jsx": {"lines":{"total":29,"covered":29,"skipped":0,"pct":100},"functions":{"total":7,"covered":7,"skipped":0,"pct":100},"statements":{"total":29,"covered":29,"skipped":0,"pct":100},"branches":{"total":9,"covered":9,"skipped":0,"pct":100}}
,"C:\\Users\\piero\\Documents\\SOFT2\\SOFTWARE_2\\Front\\src\\pages\\Login.jsx": {"lines":{"total":77,"covered":74,"skipped":0,"pct":96.1},"functions":{"total":8,"covered":8,"skipped":0,"pct":100},"statements":{"total":77,"covered":74,"skipped":0,"pct":96.1},"branches":{"total":13,"covered":11,"skipped":0,"pct":84.61}}
,"C:\\Users\\piero\\Documents\\SOFT2\\SOFTWARE_2\\Front\\src\\pages\\Register.jsx": {"lines":{"total":136,"covered":119,"skipped":0,"pct":87.5},"functions":{"total":11,"covered":11,"skipped":0,"pct":100},"statements":{"total":136,"covered":119,"skipped":0,"pct":87.5},"branches":{"total":17,"covered":13,"skipped":0,"pct":76.47}}
,"C:\\Users\\piero\\Documents\\SOFT2\\SOFTWARE_2\\Front\\src\\pages\\Courier\\CourierHome.jsx": {"lines":{"total":70,"covered":70,"skipped":0,"pct":100},"functions":{"total":6,"covered":6,"skipped":0,"pct":100},"statements":{"total":70,"covered":70,"skipped":0,"pct":100},"branches":{"total":20,"covered":19,"skipped":0,"pct":95}}
,"C:\\Users\\piero\\Documents\\SOFT2\\SOFTWARE_2\\Front\\src\\pages\\Courier\\OrderDetail.jsx": {"lines":{"total":261,"covered":235,"skipped":0,"pct":90.03},"functions":{"total":12,"covered":9,"skipped":0,"pct":75},"statements":{"total":261,"covered":235,"skipped":0,"pct":90.03},"branches":{"total":100,"covered":76,"skipped":0,"pct":76}}
,"C:\\Users\\piero\\Documents\\SOFT2\\SOFTWARE_2\\Front\\src\\pages\\Customer\\Cart.jsx": {"lines":{"total":93,"covered":93,"skipped":0,"pct":100},"functions":{"total":11,"covered":11,"skipped":0,"pct":100},"statements":{"total":93,"covered":93,"skipped":0,"pct":100},"branches":{"total":20,"covered":20,"skipped":0,"pct":100}}
,"C:\\Users\\piero\\Documents\\SOFT2\\SOFTWARE_2\\Front\\src\\pages\\Customer\\CustomerHome.jsx": {"lines":{"total":292,"covered":265,"skipped":0,"pct":90.75},"functions":{"total":20,"covered":19,"skipped":0,"pct":95},"statements":{"total":292,"covered":265,"skipped":0,"pct":90.75},"branches":{"total":64,"covered":31,"skipped":0,"pct":48.43}}
}
