{"total": {"lines":{"total":517,"covered":486,"skipped":0,"pct":94},"statements":{"total":517,"covered":486,"skipped":0,"pct":94},"functions":{"total":49,"covered":49,"skipped":0,"pct":100},"branches":{"total":122,"covered":113,"skipped":0,"pct":92.62},"branchesTrue":{"total":0,"covered":0,"skipped":0,"pct":"Unknown"}}
,"C:\\Users\\Nicolas\\OneDrive\\Documentos\\GitHub\\SOFTWARE_2\\Front\\src\\pages\\Customer\\Cart.jsx": {"lines":{"total":93,"covered":93,"skipped":0,"pct":100},"functions":{"total":11,"covered":11,"skipped":0,"pct":100},"statements":{"total":93,"covered":93,"skipped":0,"pct":100},"branches":{"total":20,"covered":20,"skipped":0,"pct":100}}
,"C:\\Users\\Nicolas\\OneDrive\\Documentos\\GitHub\\SOFTWARE_2\\Front\\src\\pages\\Customer\\Checkout.jsx": {"lines":{"total":202,"covered":177,"skipped":0,"pct":87.62},"functions":{"total":12,"covered":12,"skipped":0,"pct":100},"statements":{"total":202,"covered":177,"skipped":0,"pct":87.62},"branches":{"total":24,"covered":21,"skipped":0,"pct":87.5}}
,"C:\\Users\\Nicolas\\OneDrive\\Documentos\\GitHub\\SOFTWARE_2\\Front\\src\\pages\\Customer\\CustomerOrders.jsx": {"lines":{"total":102,"covered":96,"skipped":0,"pct":94.11},"functions":{"total":9,"covered":9,"skipped":0,"pct":100},"statements":{"total":102,"covered":96,"skipped":0,"pct":94.11},"branches":{"total":24,"covered":19,"skipped":0,"pct":79.16}}
,"C:\\Users\\Nicolas\\OneDrive\\Documentos\\GitHub\\SOFTWARE_2\\Front\\src\\pages\\Customer\\TrackOrder.jsx": {"lines":{"total":120,"covered":120,"skipped":0,"pct":100},"functions":{"total":17,"covered":17,"skipped":0,"pct":100},"statements":{"total":120,"covered":120,"skipped":0,"pct":100},"branches":{"total":54,"covered":53,"skipped":0,"pct":98.14}}
}
