TN:
SF:src\pages\Customer\Cart.jsx
FN:6,<instance_members_initializer>
FN:9,componentDidMount
FN:16,componentWillUnmount
FN:21,getGroupedCart
FN:34,removeOne
FN:44,total
FN:48,goCheckout
FN:53,render
FN:79,onClick
FN:100,onClick
FN:108,onClick
FNF:11
FNH:11
FNDA:1,<instance_members_initializer>
FNDA:1,componentDidMount
FNDA:1,componentWillUnmount
FNDA:4,getGroupedCart
FNDA:1,removeOne
FNDA:5,total
FNDA:1,goCheckout
FNDA:4,render
FNDA:1,onClick
FNDA:1,onClick
FNDA:1,onClick
DA:1,1
DA:6,1
DA:7,1
DA:9,1
DA:10,1
DA:11,2
DA:12,1
DA:13,1
DA:14,1
DA:16,1
DA:17,1
DA:18,1
DA:21,1
DA:22,4
DA:23,4
DA:24,5
DA:25,4
DA:26,5
DA:27,1
DA:28,1
DA:29,5
DA:30,4
DA:31,4
DA:34,1
DA:35,1
DA:36,1
DA:37,1
DA:38,1
DA:39,1
DA:40,1
DA:41,1
DA:42,1
DA:44,1
DA:45,5
DA:46,5
DA:48,1
DA:49,1
DA:50,1
DA:51,1
DA:53,1
DA:54,4
DA:55,4
DA:57,4
DA:58,4
DA:59,4
DA:60,4
DA:61,4
DA:63,4
DA:64,2
DA:66,2
DA:67,2
DA:68,4
DA:69,4
DA:70,4
DA:71,4
DA:72,4
DA:73,4
DA:74,4
DA:75,4
DA:76,4
DA:77,4
DA:78,4
DA:79,4
DA:80,4
DA:82,4
DA:83,4
DA:84,2
DA:85,2
DA:87,4
DA:88,4
DA:91,4
DA:92,4
DA:93,4
DA:94,4
DA:95,4
DA:96,4
DA:98,4
DA:99,4
DA:100,4
DA:101,4
DA:102,4
DA:104,4
DA:106,4
DA:107,4
DA:108,4
DA:109,4
DA:111,4
DA:112,4
DA:113,4
DA:114,4
DA:116,4
DA:117,1
DA:119,1
LF:93
LH:93
BRDA:6,0,0,1
BRDA:9,1,0,1
BRDA:10,2,0,2
BRDA:16,3,0,1
BRDA:21,4,0,4
BRDA:23,5,0,5
BRDA:24,6,0,4
BRDA:26,7,0,1
BRDA:34,8,0,1
BRDA:35,9,0,1
BRDA:44,10,0,5
BRDA:45,11,0,7
BRDA:48,12,0,1
BRDA:53,13,0,4
BRDA:63,14,0,2
BRDA:64,15,0,2
BRDA:67,16,0,4
BRDA:79,17,0,1
BRDA:100,18,0,1
BRDA:108,19,0,1
BRF:20
BRH:20
end_of_record
TN:
SF:src\pages\Customer\Checkout.jsx
FN:6,withLocation
FN:10,<instance_members_initializer>
FN:11,Checkout
FN:21,componentDidMount
FN:28,componentDidUpdate
FN:36,componentWillUnmount
FN:40,handlePay
FN:44,handlePaymentMethodChange
FN:48,handleSavePaymentDetails
FN:52,renderPaymentFields
FN:70,onInput
FN:145,render
FNF:12
FNH:12
FNDA:1,withLocation
FNDA:1,<instance_members_initializer>
FNDA:1,Checkout
FNDA:1,componentDidMount
FNDA:7,componentDidUpdate
FNDA:1,componentWillUnmount
FNDA:1,handlePay
FNDA:1,handlePaymentMethodChange
FNDA:1,handleSavePaymentDetails
FNDA:8,renderPaymentFields
FNDA:16,onInput
FNDA:8,render
DA:1,1
DA:6,1
DA:7,1
DA:8,1
DA:10,1
DA:11,1
DA:12,1
DA:13,1
DA:14,1
DA:15,1
DA:16,1
DA:17,1
DA:18,1
DA:19,1
DA:21,1
DA:22,1
DA:23,4
DA:24,1
DA:25,1
DA:26,1
DA:28,1
DA:29,7
DA:30,7
DA:31,7
DA:32,1
DA:33,1
DA:34,7
DA:36,1
DA:37,1
DA:38,1
DA:40,1
DA:41,1
DA:42,1
DA:44,1
DA:45,1
DA:46,1
DA:48,1
DA:49,1
DA:50,1
DA:52,1
DA:53,8
DA:54,8
DA:55,0
DA:56,0
DA:58,0
DA:60,0
DA:61,8
DA:62,8
DA:63,8
DA:64,8
DA:65,8
DA:66,8
DA:67,8
DA:68,8
DA:69,8
DA:70,8
DA:71,16
DA:72,16
DA:73,16
DA:74,16
DA:75,16
DA:76,8
DA:77,8
DA:78,8
DA:79,8
DA:80,8
DA:81,8
DA:82,8
DA:83,8
DA:84,8
DA:85,8
DA:86,8
DA:87,8
DA:88,8
DA:89,8
DA:90,8
DA:91,8
DA:92,8
DA:93,8
DA:94,8
DA:95,8
DA:96,8
DA:97,8
DA:98,8
DA:99,8
DA:100,8
DA:101,8
DA:102,8
DA:103,8
DA:104,8
DA:105,8
DA:106,8
DA:107,8
DA:108,8
DA:109,8
DA:110,8
DA:111,8
DA:112,8
DA:113,8
DA:114,8
DA:116,8
DA:117,8
DA:119,8
DA:120,0
DA:121,0
DA:122,0
DA:123,0
DA:124,0
DA:125,0
DA:126,0
DA:127,0
DA:128,0
DA:129,0
DA:130,0
DA:131,0
DA:132,0
DA:133,0
DA:134,0
DA:135,0
DA:136,0
DA:137,0
DA:138,0
DA:140,0
DA:141,0
DA:143,8
DA:145,1
DA:146,8
DA:147,8
DA:148,8
DA:149,8
DA:150,8
DA:152,8
DA:154,8
DA:155,8
DA:156,8
DA:157,8
DA:158,8
DA:159,8
DA:160,8
DA:161,8
DA:162,8
DA:163,8
DA:164,8
DA:165,8
DA:166,8
DA:167,8
DA:168,8
DA:169,8
DA:170,8
DA:171,8
DA:172,8
DA:174,8
DA:175,8
DA:176,8
DA:177,8
DA:178,8
DA:179,8
DA:180,8
DA:182,8
DA:183,8
DA:184,8
DA:185,8
DA:186,8
DA:188,8
DA:189,8
DA:190,8
DA:191,8
DA:192,8
DA:193,8
DA:195,8
DA:196,8
DA:197,8
DA:198,8
DA:199,8
DA:200,8
DA:202,8
DA:203,8
DA:204,8
DA:205,8
DA:206,8
DA:207,8
DA:209,8
DA:210,6
DA:213,8
DA:214,8
DA:215,8
DA:216,8
DA:217,7
DA:218,7
DA:221,8
DA:222,8
DA:224,8
DA:225,8
DA:226,8
DA:227,8
DA:229,8
DA:230,8
DA:231,8
DA:232,8
DA:234,8
DA:235,1
DA:237,1
LF:202
LH:177
BRDA:6,0,0,1
BRDA:10,1,0,1
BRDA:11,2,0,1
BRDA:21,3,0,1
BRDA:22,4,0,4
BRDA:23,5,0,4
BRDA:28,6,0,7
BRDA:31,7,0,1
BRDA:36,8,0,1
BRDA:40,9,0,1
BRDA:44,10,0,1
BRDA:48,11,0,1
BRDA:52,12,0,8
BRDA:54,13,0,0
BRDA:119,14,0,0
BRDA:70,15,0,16
BRDA:71,16,0,0
BRDA:145,17,0,8
BRDA:205,18,0,4
BRDA:209,19,0,6
BRDA:216,20,0,7
BRDA:217,21,0,7
BRDA:221,22,0,1
BRDA:221,23,0,7
BRF:24
BRH:21
end_of_record
TN:
SF:src\pages\Customer\CustomerOrders.jsx
FN:6,<instance_members_initializer>
FN:9,componentDidMount
FN:44,componentWillUnmount
FN:49,openOrder
FN:53,volverATienda
FN:57,render
FN:75,onClick
FN:100,onClick
FN:111,onClick
FNF:9
FNH:9
FNDA:1,<instance_members_initializer>
FNDA:1,componentDidMount
FNDA:1,componentWillUnmount
FNDA:1,openOrder
FNDA:2,volverATienda
FNDA:6,render
FNDA:1,onClick
FNDA:1,onClick
FNDA:1,onClick
DA:1,1
DA:6,1
DA:7,1
DA:9,1
DA:10,1
DA:11,1
DA:12,3
DA:13,3
DA:14,1
DA:16,1
DA:17,1
DA:18,1
DA:20,1
DA:21,1
DA:22,1
DA:23,1
DA:24,0
DA:25,0
DA:26,0
DA:27,0
DA:28,0
DA:29,0
DA:30,1
DA:31,1
DA:32,1
DA:33,1
DA:34,1
DA:35,1
DA:36,1
DA:37,1
DA:38,1
DA:39,1
DA:40,1
DA:41,1
DA:42,1
DA:44,1
DA:45,1
DA:46,1
DA:47,1
DA:49,1
DA:50,1
DA:51,1
DA:53,1
DA:54,2
DA:55,2
DA:57,1
DA:58,6
DA:60,6
DA:61,6
DA:62,6
DA:64,6
DA:65,1
DA:66,1
DA:67,1
DA:68,5
DA:69,3
DA:70,3
DA:71,3
DA:73,3
DA:74,3
DA:75,3
DA:76,3
DA:77,3
DA:79,3
DA:80,3
DA:82,2
DA:83,2
DA:84,2
DA:85,5
DA:86,5
DA:87,5
DA:88,5
DA:89,5
DA:90,5
DA:91,5
DA:92,5
DA:93,5
DA:94,5
DA:95,5
DA:96,5
DA:97,5
DA:98,5
DA:99,5
DA:100,5
DA:101,5
DA:103,5
DA:104,5
DA:105,5
DA:106,2
DA:107,2
DA:109,2
DA:110,2
DA:111,2
DA:112,2
DA:113,2
DA:115,2
DA:116,2
DA:117,2
DA:119,6
DA:121,6
DA:122,1
DA:124,1
LF:102
LH:96
BRDA:6,0,0,1
BRDA:9,1,0,1
BRDA:17,2,0,0
BRDA:11,3,0,3
BRDA:12,4,0,0
BRDA:22,5,0,1
BRDA:31,6,0,1
BRDA:32,7,0,0
BRDA:34,8,0,0
BRDA:37,9,0,1
BRDA:38,10,0,0
BRDA:44,11,0,1
BRDA:49,12,0,1
BRDA:53,13,0,2
BRDA:57,14,0,6
BRDA:64,15,0,1
BRDA:67,16,0,5
BRDA:68,17,0,3
BRDA:70,18,0,2
BRDA:80,19,0,2
BRDA:75,20,0,1
BRDA:84,21,0,5
BRDA:100,22,0,1
BRDA:111,23,0,1
BRF:24
BRH:19
end_of_record
TN:
SF:src\pages\Customer\TrackOrder.jsx
FN:8,withLocation
FN:12,<instance_members_initializer>
FN:15,componentDidMount
FN:24,componentWillUnmount
FN:26,syncFromUrl
FN:36,syncToUrl
FN:48,setFilter
FN:49,setQuery
FN:50,setPage
FN:51,setPageSize
FN:53,filtered
FN:74,render
FN:91,onChange
FN:104,onChange
FN:114,onClick
FN:116,onClick
FN:132,onClick
FNF:17
FNH:17
FNDA:1,withLocation
FNDA:2,<instance_members_initializer>
FNDA:2,componentDidMount
FNDA:2,componentWillUnmount
FNDA:2,syncFromUrl
FNDA:14,syncToUrl
FNDA:3,setFilter
FNDA:5,setQuery
FNDA:3,setPage
FNDA:3,setPageSize
FNDA:20,filtered
FNDA:20,render
FNDA:3,onChange
FNDA:5,onChange
FNDA:1,onClick
FNDA:1,onClick
FNDA:1,onClick
DA:1,1
DA:8,1
DA:9,1
DA:10,1
DA:12,1
DA:13,2
DA:15,2
DA:16,2
DA:18,2
DA:20,2
DA:22,2
DA:23,2
DA:24,2
DA:26,2
DA:27,2
DA:28,2
DA:29,2
DA:30,2
DA:31,2
DA:32,2
DA:33,2
DA:34,2
DA:36,2
DA:37,14
DA:38,14
DA:39,14
DA:40,14
DA:41,14
DA:42,14
DA:43,14
DA:44,14
DA:45,14
DA:46,14
DA:48,2
DA:49,2
DA:50,2
DA:51,2
DA:53,2
DA:54,20
DA:55,20
DA:56,20
DA:57,20
DA:58,4
DA:59,3
DA:60,4
DA:61,1
DA:62,1
DA:63,4
DA:64,20
DA:65,4
DA:66,6
DA:67,6
DA:68,6
DA:69,4
DA:70,4
DA:71,20
DA:72,20
DA:74,2
DA:75,20
DA:76,20
DA:77,20
DA:78,20
DA:79,20
DA:80,20
DA:81,20
DA:82,20
DA:83,20
DA:84,20
DA:85,20
DA:86,20
DA:88,20
DA:89,20
DA:90,20
DA:91,20
DA:92,20
DA:93,20
DA:94,20
DA:95,20
DA:96,20
DA:97,20
DA:98,20
DA:99,20
DA:100,20
DA:101,20
DA:102,20
DA:103,20
DA:104,20
DA:105,20
DA:106,20
DA:109,20
DA:110,20
DA:111,20
DA:112,20
DA:113,20
DA:114,20
DA:115,20
DA:116,20
DA:117,20
DA:118,20
DA:120,20
DA:121,9
DA:123,11
DA:124,11
DA:125,16
DA:126,16
DA:127,16
DA:128,16
DA:129,16
DA:130,16
DA:131,16
DA:132,16
DA:133,16
DA:134,16
DA:135,11
DA:136,11
DA:138,20
DA:139,20
DA:141,20
DA:142,2
DA:144,1
LF:120
LH:120
BRDA:8,0,0,1
BRDA:12,1,0,2
BRDA:15,2,0,2
BRDA:16,3,0,4
BRDA:24,4,0,2
BRDA:26,5,0,2
BRDA:27,6,0,1
BRDA:27,7,0,1
BRDA:29,8,0,1
BRDA:30,9,0,1
BRDA:36,10,0,14
BRDA:39,11,0,3
BRDA:40,12,0,3
BRDA:41,13,0,2
BRDA:42,14,0,8
BRDA:44,15,0,9
BRDA:44,16,0,5
BRDA:45,17,0,12
BRDA:45,18,0,2
BRDA:48,19,0,3
BRDA:48,20,0,3
BRDA:49,21,0,5
BRDA:49,22,0,5
BRDA:50,23,0,3
BRDA:50,24,0,3
BRDA:51,25,0,3
BRDA:51,26,0,3
BRDA:53,27,0,20
BRDA:55,28,0,16
BRDA:56,29,0,2
BRDA:57,30,0,4
BRDA:58,31,0,3
BRDA:60,32,0,1
BRDA:64,33,0,4
BRDA:59,34,0,9
BRDA:61,35,0,2
BRDA:65,36,0,6
BRDA:67,37,0,4
BRDA:67,38,0,4
BRDA:67,39,0,0
BRDA:74,40,0,20
BRDA:111,41,0,11
BRDA:111,42,0,9
BRDA:120,43,0,9
BRDA:121,44,0,11
BRDA:91,45,0,3
BRDA:104,46,0,5
BRDA:114,47,0,1
BRDA:116,48,0,1
BRDA:124,49,0,16
BRDA:128,50,0,11
BRDA:128,51,0,5
BRDA:131,52,0,2
BRDA:132,53,0,1
BRF:54
BRH:53
end_of_record
