TN:
SF:src\pages\Customer\Cart.jsx
FN:6,<instance_members_initializer>
FN:9,componentDidMount
FN:16,componentWillUnmount
FN:21,getGroupedCart
FN:34,removeOne
FN:44,total
FN:48,goCheckout
FN:53,render
FN:79,onClick
FN:100,onClick
FN:108,onClick
FNF:11
FNH:11
FNDA:1,<instance_members_initializer>
FNDA:1,componentDidMount
FNDA:1,componentWillUnmount
FNDA:4,getGroupedCart
FNDA:1,removeOne
FNDA:5,total
FNDA:1,goCheckout
FNDA:4,render
FNDA:1,onClick
FNDA:1,onClick
FNDA:1,onClick
DA:1,1
DA:6,1
DA:7,1
DA:9,1
DA:10,1
DA:11,2
DA:12,1
DA:13,1
DA:14,1
DA:16,1
DA:17,1
DA:18,1
DA:21,1
DA:22,4
DA:23,4
DA:24,5
DA:25,4
DA:26,5
DA:27,1
DA:28,1
DA:29,5
DA:30,4
DA:31,4
DA:34,1
DA:35,1
DA:36,1
DA:37,1
DA:38,1
DA:39,1
DA:40,1
DA:41,1
DA:42,1
DA:44,1
DA:45,5
DA:46,5
DA:48,1
DA:49,1
DA:50,1
DA:51,1
DA:53,1
DA:54,4
DA:55,4
DA:57,4
DA:58,4
DA:59,4
DA:60,4
DA:61,4
DA:63,4
DA:64,2
DA:66,2
DA:67,2
DA:68,4
DA:69,4
DA:70,4
DA:71,4
DA:72,4
DA:73,4
DA:74,4
DA:75,4
DA:76,4
DA:77,4
DA:78,4
DA:79,4
DA:80,4
DA:82,4
DA:83,4
DA:84,2
DA:85,2
DA:87,4
DA:88,4
DA:91,4
DA:92,4
DA:93,4
DA:94,4
DA:95,4
DA:96,4
DA:98,4
DA:99,4
DA:100,4
DA:101,4
DA:102,4
DA:104,4
DA:106,4
DA:107,4
DA:108,4
DA:109,4
DA:111,4
DA:112,4
DA:113,4
DA:114,4
DA:116,4
DA:117,1
DA:119,1
LF:93
LH:93
BRDA:6,0,0,1
BRDA:9,1,0,1
BRDA:10,2,0,2
BRDA:16,3,0,1
BRDA:21,4,0,4
BRDA:23,5,0,5
BRDA:24,6,0,4
BRDA:26,7,0,1
BRDA:34,8,0,1
BRDA:35,9,0,1
BRDA:44,10,0,5
BRDA:45,11,0,7
BRDA:48,12,0,1
BRDA:53,13,0,4
BRDA:63,14,0,2
BRDA:64,15,0,2
BRDA:67,16,0,4
BRDA:79,17,0,1
BRDA:100,18,0,1
BRDA:108,19,0,1
BRF:20
BRH:20
end_of_record
TN:
SF:src\pages\Customer\Checkout.jsx
FN:6,withLocation
FN:10,<instance_members_initializer>
FN:11,Checkout
FN:25,componentDidMount
FN:32,componentDidUpdate
FN:40,componentWillUnmount
FN:44,getCurrentPaymentDetails
FN:50,isPaymentReady
FN:54,handlePay
FN:63,handlePaymentMethodChange
FN:74,handleCardInputChange
FN:96,handleCashInputChange
FN:102,handleSaveCardDetails
FN:135,handleSaveCashDetails
FN:163,handleEditCashDetails
FN:170,openCardModal
FN:176,closeCardModal
FN:180,renderCashFields
FN:205,onChange
FN:213,onChange
FN:226,renderPaymentFields
FN:278,renderCardModal
FN:308,onChange
FN:321,onChange
FN:331,onChange
FN:341,onChange
FN:350,onChange
FN:371,render
FNF:28
FNH:27
FNDA:2,withLocation
FNDA:2,<instance_members_initializer>
FNDA:2,Checkout
FNDA:2,componentDidMount
FNDA:56,componentDidUpdate
FNDA:2,componentWillUnmount
FNDA:60,getCurrentPaymentDetails
FNDA:58,isPaymentReady
FNDA:2,handlePay
FNDA:4,handlePaymentMethodChange
FNDA:34,handleCardInputChange
FNDA:2,handleCashInputChange
FNDA:3,handleSaveCardDetails
FNDA:2,handleSaveCashDetails
FNDA:1,handleEditCashDetails
FNDA:2,openCardModal
FNDA:0,closeCardModal
FNDA:6,renderCashFields
FNDA:1,onChange
FNDA:1,onChange
FNDA:58,renderPaymentFields
FNDA:58,renderCardModal
FNDA:17,onChange
FNDA:3,onChange
FNDA:3,onChange
FNDA:4,onChange
FNDA:7,onChange
FNDA:58,render
DA:1,1
DA:6,2
DA:7,2
DA:8,2
DA:10,1
DA:11,2
DA:12,2
DA:13,2
DA:14,2
DA:15,2
DA:16,2
DA:17,2
DA:18,2
DA:19,2
DA:20,2
DA:21,2
DA:22,2
DA:23,2
DA:25,2
DA:26,2
DA:27,7
DA:28,2
DA:29,2
DA:30,2
DA:32,2
DA:33,56
DA:34,56
DA:35,56
DA:36,1
DA:37,1
DA:38,56
DA:40,2
DA:41,2
DA:42,2
DA:44,2
DA:45,60
DA:46,60
DA:47,60
DA:48,60
DA:50,2
DA:51,58
DA:52,58
DA:54,2
DA:55,2
DA:56,2
DA:57,2
DA:58,2
DA:59,2
DA:60,2
DA:61,2
DA:63,2
DA:64,4
DA:65,4
DA:66,4
DA:67,4
DA:68,4
DA:69,4
DA:70,4
DA:71,4
DA:72,4
DA:74,2
DA:75,34
DA:76,17
DA:77,17
DA:78,17
DA:79,17
DA:80,17
DA:81,17
DA:82,17
DA:83,34
DA:84,10
DA:85,10
DA:86,10
DA:87,10
DA:88,10
DA:89,10
DA:90,10
DA:91,7
DA:92,7
DA:93,7
DA:94,34
DA:96,2
DA:97,2
DA:98,2
DA:99,2
DA:100,2
DA:102,2
DA:103,3
DA:104,3
DA:105,3
DA:106,3
DA:107,2
DA:108,2
DA:109,2
DA:110,2
DA:111,3
DA:112,1
DA:113,1
DA:114,1
DA:115,1
DA:116,1
DA:118,2
DA:119,2
DA:120,2
DA:121,2
DA:122,2
DA:123,2
DA:124,2
DA:125,2
DA:127,2
DA:128,2
DA:129,2
DA:130,2
DA:131,2
DA:132,2
DA:133,3
DA:135,2
DA:136,2
DA:137,2
DA:138,2
DA:139,1
DA:140,1
DA:141,1
DA:142,1
DA:143,1
DA:144,1
DA:145,1
DA:146,2
DA:147,2
DA:148,2
DA:149,2
DA:150,2
DA:151,2
DA:152,2
DA:153,2
DA:154,2
DA:155,2
DA:156,2
DA:157,2
DA:158,1
DA:159,1
DA:160,2
DA:161,2
DA:163,2
DA:164,1
DA:165,1
DA:166,1
DA:167,1
DA:168,1
DA:170,2
DA:171,2
DA:172,2
DA:173,2
DA:174,2
DA:176,2
DA:177,0
DA:178,0
DA:180,2
DA:181,6
DA:182,1
DA:183,1
DA:184,1
DA:185,1
DA:186,1
DA:187,1
DA:188,1
DA:189,1
DA:190,1
DA:192,1
DA:193,1
DA:195,1
DA:197,5
DA:198,5
DA:199,5
DA:200,5
DA:201,5
DA:202,5
DA:203,5
DA:204,5
DA:205,5
DA:206,5
DA:207,5
DA:208,5
DA:209,5
DA:210,5
DA:211,5
DA:212,5
DA:213,5
DA:214,5
DA:215,5
DA:216,5
DA:217,5
DA:218,5
DA:219,5
DA:221,5
DA:222,5
DA:224,6
DA:226,2
DA:227,58
DA:228,58
DA:229,58
DA:231,58
DA:232,1
DA:233,1
DA:235,1
DA:237,58
DA:238,51
DA:239,4
DA:240,4
DA:241,4
DA:242,4
DA:243,4
DA:244,4
DA:245,4
DA:246,4
DA:248,4
DA:249,4
DA:251,47
DA:252,47
DA:254,47
DA:255,47
DA:256,47
DA:257,47
DA:258,47
DA:259,47
DA:261,47
DA:262,47
DA:264,57
DA:265,6
DA:266,6
DA:268,58
DA:269,58
DA:270,58
DA:271,58
DA:272,9
DA:274,58
DA:276,58
DA:278,2
DA:279,58
DA:280,58
DA:281,51
DA:282,58
DA:283,21
DA:284,21
DA:286,37
DA:288,37
DA:289,37
DA:290,37
DA:291,37
DA:292,37
DA:293,37
DA:294,37
DA:295,37
DA:296,37
DA:298,37
DA:299,37
DA:300,37
DA:301,37
DA:302,37
DA:303,37
DA:304,37
DA:305,37
DA:306,37
DA:307,37
DA:308,37
DA:309,17
DA:311,37
DA:312,37
DA:313,37
DA:314,37
DA:315,37
DA:316,37
DA:317,37
DA:318,37
DA:319,37
DA:320,37
DA:321,37
DA:322,37
DA:323,37
DA:324,37
DA:325,37
DA:326,37
DA:327,37
DA:328,37
DA:329,37
DA:330,37
DA:331,37
DA:332,37
DA:333,37
DA:334,37
DA:335,37
DA:336,37
DA:337,37
DA:338,37
DA:339,37
DA:340,37
DA:341,37
DA:342,37
DA:343,37
DA:344,37
DA:345,37
DA:346,37
DA:347,37
DA:348,37
DA:349,37
DA:350,37
DA:351,37
DA:352,37
DA:353,37
DA:354,37
DA:355,37
DA:356,37
DA:357,37
DA:359,37
DA:360,37
DA:361,6
DA:363,58
DA:364,58
DA:365,58
DA:367,58
DA:371,2
DA:372,58
DA:373,58
DA:374,58
DA:375,58
DA:376,58
DA:377,58
DA:379,58
DA:381,58
DA:382,58
DA:383,58
DA:384,58
DA:385,58
DA:386,58
DA:387,58
DA:388,58
DA:389,58
DA:390,58
DA:391,58
DA:392,58
DA:393,58
DA:394,58
DA:395,58
DA:396,58
DA:397,58
DA:398,58
DA:399,58
DA:400,58
DA:402,58
DA:403,58
DA:404,58
DA:405,58
DA:406,58
DA:407,58
DA:408,58
DA:409,58
DA:410,58
DA:411,58
DA:412,58
DA:413,58
DA:414,58
DA:416,58
DA:417,58
DA:418,58
DA:419,58
DA:420,58
DA:421,58
DA:423,58
DA:424,58
DA:425,58
DA:426,58
DA:427,58
DA:428,58
DA:430,58
DA:431,58
DA:432,58
DA:433,58
DA:434,58
DA:435,58
DA:437,58
DA:438,38
DA:441,58
DA:442,58
DA:443,58
DA:444,58
DA:445,56
DA:446,55
DA:449,58
DA:450,58
DA:452,58
DA:453,58
DA:454,58
DA:455,58
DA:457,58
DA:458,58
DA:459,58
DA:460,58
DA:461,58
DA:463,58
DA:464,2
DA:466,1
LF:401
LH:399
BRDA:6,0,0,2
BRDA:10,1,0,2
BRDA:11,2,0,2
BRDA:25,3,0,2
BRDA:26,4,0,7
BRDA:27,5,0,7
BRDA:32,6,0,56
BRDA:35,7,0,1
BRDA:40,8,0,2
BRDA:44,9,0,60
BRDA:46,10,0,1
BRDA:46,11,0,59
BRDA:47,12,0,52
BRDA:50,13,0,58
BRDA:54,14,0,2
BRDA:63,15,0,4
BRDA:65,16,0,4
BRDA:74,17,0,34
BRDA:75,18,0,17
BRDA:76,19,0,0
BRDA:83,20,0,14
BRDA:83,21,0,11
BRDA:83,22,0,10
BRDA:84,23,0,4
BRDA:84,24,0,6
BRDA:85,25,0,0
BRDA:90,26,0,7
BRDA:78,27,0,17
BRDA:86,28,0,10
BRDA:91,29,0,7
BRDA:96,30,0,2
BRDA:97,31,0,2
BRDA:102,32,0,3
BRDA:104,33,0,1
BRDA:106,34,0,2
BRDA:107,35,0,2
BRDA:108,36,0,2
BRDA:109,37,0,2
BRDA:111,38,0,2
BRDA:111,39,0,1
BRDA:127,40,0,2
BRDA:135,41,0,2
BRDA:138,42,0,1
BRDA:138,43,0,1
BRDA:138,44,0,1
BRDA:146,45,0,0
BRDA:147,46,0,1
BRDA:147,47,0,0
BRDA:149,48,0,1
BRDA:149,49,0,0
BRDA:157,50,0,1
BRDA:163,51,0,1
BRDA:164,52,0,1
BRDA:170,53,0,2
BRDA:180,54,0,6
BRDA:181,55,0,1
BRDA:195,56,0,5
BRDA:205,57,0,1
BRDA:213,58,0,1
BRDA:226,59,0,58
BRDA:228,60,0,57
BRDA:228,61,0,1
BRDA:231,62,0,1
BRDA:237,63,0,57
BRDA:237,64,0,51
BRDA:238,65,0,4
BRDA:249,66,0,47
BRDA:264,67,0,6
BRDA:271,68,0,9
BRDA:278,69,0,58
BRDA:280,70,0,51
BRDA:282,71,0,21
BRDA:284,72,0,37
BRDA:360,73,0,6
BRDA:308,74,0,17
BRDA:321,75,0,3
BRDA:331,76,0,3
BRDA:341,77,0,4
BRDA:350,78,0,7
BRDA:371,79,0,58
BRDA:433,80,0,34
BRDA:437,81,0,38
BRDA:444,82,0,56
BRDA:445,83,0,55
BRDA:449,84,0,2
BRDA:449,85,0,56
BRF:86
BRH:81
end_of_record
TN:
SF:src\pages\Customer\CustomerOrders.jsx
FN:6,<instance_members_initializer>
FN:9,componentDidMount
FN:44,componentWillUnmount
FN:49,openOrder
FN:53,volverATienda
FN:57,render
FN:75,onClick
FN:137,onClick
FN:149,onClick
FNF:9
FNH:9
FNDA:2,<instance_members_initializer>
FNDA:2,componentDidMount
FNDA:2,componentWillUnmount
FNDA:1,openOrder
FNDA:3,volverATienda
FNDA:10,render
FNDA:1,onClick
FNDA:1,onClick
FNDA:2,onClick
DA:1,1
DA:6,1
DA:7,2
DA:9,2
DA:10,2
DA:11,2
DA:12,4
DA:13,4
DA:14,2
DA:16,2
DA:17,2
DA:18,2
DA:20,2
DA:21,2
DA:22,2
DA:23,2
DA:24,0
DA:25,0
DA:26,0
DA:27,0
DA:28,0
DA:29,0
DA:30,2
DA:31,2
DA:32,2
DA:33,2
DA:34,2
DA:35,2
DA:36,2
DA:37,2
DA:38,2
DA:39,2
DA:40,2
DA:41,2
DA:42,2
DA:44,2
DA:45,2
DA:46,2
DA:47,2
DA:49,2
DA:50,1
DA:51,1
DA:53,2
DA:54,3
DA:55,3
DA:57,2
DA:58,10
DA:60,10
DA:61,10
DA:62,10
DA:64,10
DA:65,3
DA:66,3
DA:67,3
DA:68,7
DA:69,4
DA:70,4
DA:71,4
DA:73,4
DA:74,4
DA:75,4
DA:76,4
DA:77,4
DA:79,4
DA:80,4
DA:82,3
DA:83,3
DA:84,3
DA:85,6
DA:86,6
DA:87,6
DA:88,6
DA:91,6
DA:92,6
DA:93,5
DA:94,1
DA:95,1
DA:96,1
DA:97,1
DA:98,1
DA:99,1
DA:100,1
DA:101,1
DA:102,0
DA:104,6
DA:105,6
DA:106,6
DA:107,6
DA:108,6
DA:109,6
DA:110,6
DA:112,6
DA:113,6
DA:115,6
DA:116,3
DA:117,3
DA:118,6
DA:121,6
DA:122,3
DA:124,6
DA:125,6
DA:126,6
DA:128,6
DA:129,6
DA:130,6
DA:131,6
DA:132,6
DA:133,6
DA:134,6
DA:135,6
DA:136,6
DA:137,6
DA:138,6
DA:140,6
DA:141,6
DA:142,6
DA:144,3
DA:145,3
DA:147,3
DA:148,3
DA:149,3
DA:150,3
DA:151,3
DA:153,3
DA:154,3
DA:155,3
DA:157,10
DA:159,10
DA:160,2
DA:162,1
LF:130
LH:123
BRDA:6,0,0,2
BRDA:9,1,0,2
BRDA:17,2,0,1
BRDA:17,3,0,1
BRDA:11,4,0,4
BRDA:12,5,0,0
BRDA:22,6,0,2
BRDA:31,7,0,2
BRDA:32,8,0,0
BRDA:34,9,0,0
BRDA:37,10,0,2
BRDA:38,11,0,0
BRDA:44,12,0,2
BRDA:49,13,0,1
BRDA:53,14,0,3
BRDA:57,15,0,10
BRDA:64,16,0,3
BRDA:67,17,0,7
BRDA:68,18,0,4
BRDA:70,19,0,3
BRDA:80,20,0,3
BRDA:75,21,0,1
BRDA:84,22,0,6
BRDA:85,23,0,0
BRDA:85,24,0,0
BRDA:88,25,0,3
BRDA:92,26,0,5
BRDA:93,27,0,1
BRDA:101,28,0,0
BRDA:115,29,0,3
BRDA:116,30,0,3
BRDA:121,31,0,3
BRDA:124,32,0,3
BRDA:124,33,0,3
BRDA:129,34,0,2
BRDA:96,35,0,1
BRDA:98,36,0,0
BRDA:98,37,0,0
BRDA:99,38,0,0
BRDA:137,39,0,1
BRDA:149,40,0,2
BRF:41
BRH:31
end_of_record
TN:
SF:src\pages\Customer\TrackOrder.jsx
FN:8,withLocation
FN:12,<instance_members_initializer>
FN:15,componentDidMount
FN:24,componentWillUnmount
FN:26,syncFromUrl
FN:36,syncToUrl
FN:48,setFilter
FN:49,setQuery
FN:50,setPage
FN:51,setPageSize
FN:53,filtered
FN:74,render
FN:91,onChange
FN:104,onChange
FN:114,onClick
FN:116,onClick
FN:132,onClick
FNF:17
FNH:17
FNDA:1,withLocation
FNDA:2,<instance_members_initializer>
FNDA:2,componentDidMount
FNDA:2,componentWillUnmount
FNDA:2,syncFromUrl
FNDA:14,syncToUrl
FNDA:3,setFilter
FNDA:5,setQuery
FNDA:3,setPage
FNDA:3,setPageSize
FNDA:20,filtered
FNDA:20,render
FNDA:3,onChange
FNDA:5,onChange
FNDA:1,onClick
FNDA:1,onClick
FNDA:1,onClick
DA:1,1
DA:8,1
DA:9,1
DA:10,1
DA:12,1
DA:13,2
DA:15,2
DA:16,2
DA:18,2
DA:20,2
DA:22,2
DA:23,2
DA:24,2
DA:26,2
DA:27,2
DA:28,2
DA:29,2
DA:30,2
DA:31,2
DA:32,2
DA:33,2
DA:34,2
DA:36,2
DA:37,14
DA:38,14
DA:39,14
DA:40,14
DA:41,14
DA:42,14
DA:43,14
DA:44,14
DA:45,14
DA:46,14
DA:48,2
DA:49,2
DA:50,2
DA:51,2
DA:53,2
DA:54,20
DA:55,20
DA:56,20
DA:57,20
DA:58,4
DA:59,3
DA:60,4
DA:61,1
DA:62,1
DA:63,4
DA:64,20
DA:65,4
DA:66,6
DA:67,6
DA:68,6
DA:69,4
DA:70,4
DA:71,20
DA:72,20
DA:74,2
DA:75,20
DA:76,20
DA:77,20
DA:78,20
DA:79,20
DA:80,20
DA:81,20
DA:82,20
DA:83,20
DA:84,20
DA:85,20
DA:86,20
DA:88,20
DA:89,20
DA:90,20
DA:91,20
DA:92,20
DA:93,20
DA:94,20
DA:95,20
DA:96,20
DA:97,20
DA:98,20
DA:99,20
DA:100,20
DA:101,20
DA:102,20
DA:103,20
DA:104,20
DA:105,20
DA:106,20
DA:109,20
DA:110,20
DA:111,20
DA:112,20
DA:113,20
DA:114,20
DA:115,20
DA:116,20
DA:117,20
DA:118,20
DA:120,20
DA:121,9
DA:123,11
DA:124,11
DA:125,16
DA:126,16
DA:127,16
DA:128,16
DA:129,16
DA:130,16
DA:131,16
DA:132,16
DA:133,16
DA:134,16
DA:135,11
DA:136,11
DA:138,20
DA:139,20
DA:141,20
DA:142,2
DA:144,1
LF:120
LH:120
BRDA:8,0,0,1
BRDA:12,1,0,2
BRDA:15,2,0,2
BRDA:16,3,0,4
BRDA:24,4,0,2
BRDA:26,5,0,2
BRDA:27,6,0,1
BRDA:27,7,0,1
BRDA:29,8,0,1
BRDA:30,9,0,1
BRDA:36,10,0,14
BRDA:39,11,0,3
BRDA:40,12,0,3
BRDA:41,13,0,2
BRDA:42,14,0,8
BRDA:44,15,0,9
BRDA:44,16,0,5
BRDA:45,17,0,12
BRDA:45,18,0,2
BRDA:48,19,0,3
BRDA:48,20,0,3
BRDA:49,21,0,5
BRDA:49,22,0,5
BRDA:50,23,0,3
BRDA:50,24,0,3
BRDA:51,25,0,3
BRDA:51,26,0,3
BRDA:53,27,0,20
BRDA:55,28,0,16
BRDA:56,29,0,2
BRDA:57,30,0,4
BRDA:58,31,0,3
BRDA:60,32,0,1
BRDA:64,33,0,4
BRDA:59,34,0,9
BRDA:61,35,0,2
BRDA:65,36,0,6
BRDA:67,37,0,4
BRDA:67,38,0,4
BRDA:67,39,0,0
BRDA:74,40,0,20
BRDA:111,41,0,11
BRDA:111,42,0,9
BRDA:120,43,0,9
BRDA:121,44,0,11
BRDA:91,45,0,3
BRDA:104,46,0,5
BRDA:114,47,0,1
BRDA:116,48,0,1
BRDA:124,49,0,16
BRDA:128,50,0,11
BRDA:128,51,0,5
BRDA:131,52,0,2
BRDA:132,53,0,1
BRF:54
BRH:53
end_of_record
