{"C:\\Users\\Nicolas\\OneDrive\\Documentos\\GitHub\\SOFTWARE_2\\Back\\src\\constants\\orderStatus.js": {"path":"C:\\Users\\Nicolas\\OneDrive\\Documentos\\GitHub\\SOFTWARE_2\\Back\\src\\constants\\orderStatus.js","statementMap":{"0":{"start":{"line":2,"column":21},"end":{"line":9,"column":2}},"1":{"start":{"line":11,"column":26},"end":{"line":18,"column":2}},"2":{"start":{"line":21,"column":2},"end":{"line":21,"column":54}},"3":{"start":{"line":24,"column":0},"end":{"line":28,"column":2}}},"fnMap":{"0":{"name":"isValidOrderStatus","decl":{"start":{"line":20,"column":9},"end":{"line":20,"column":27}},"loc":{"start":{"line":20,"column":36},"end":{"line":22,"column":1}},"line":20}},"branchMap":{},"s":{"0":1,"1":1,"2":7,"3":1},"f":{"0":7},"b":{},"_coverageSchema":"1a1c01bbd47fc00a2c39e90264f33305004495a9","hash":"30e2553dd30dfb185ab150da26147c102999e9e0"}
,"C:\\Users\\Nicolas\\OneDrive\\Documentos\\GitHub\\SOFTWARE_2\\Back\\src\\utils\\id.js": {"path":"C:\\Users\\Nicolas\\OneDrive\\Documentos\\GitHub\\SOFTWARE_2\\Back\\src\\utils\\id.js","statementMap":{"0":{"start":{"line":1,"column":14},"end":{"line":1,"column":15}},"1":{"start":{"line":4,"column":2},"end":{"line":4,"column":52}},"2":{"start":{"line":5,"column":15},"end":{"line":5,"column":38}},"3":{"start":{"line":6,"column":16},"end":{"line":6,"column":36}},"4":{"start":{"line":7,"column":2},"end":{"line":7,"column":36}},"5":{"start":{"line":10,"column":0},"end":{"line":10,"column":32}}},"fnMap":{"0":{"name":"generateId","decl":{"start":{"line":3,"column":9},"end":{"line":3,"column":19}},"loc":{"start":{"line":3,"column":33},"end":{"line":8,"column":1}},"line":3}},"branchMap":{"0":{"loc":{"start":{"line":3,"column":20},"end":{"line":3,"column":31}},"type":"default-arg","locations":[{"start":{"line":3,"column":29},"end":{"line":3,"column":31}}],"line":3}},"s":{"0":1,"1":6,"2":6,"3":6,"4":6,"5":1},"f":{"0":6},"b":{"0":[1]},"_coverageSchema":"1a1c01bbd47fc00a2c39e90264f33305004495a9","hash":"c6688ab3f74bcf98adc3cc047a77f361c036967d"}
}
