{"C:\\Users\\Nicolas\\OneDrive\\Documentos\\GitHub\\SOFTWARE_2\\Back\\src\\app.js": {"path":"C:\\Users\\Nicolas\\OneDrive\\Documentos\\GitHub\\SOFTWARE_2\\Back\\src\\app.js","statementMap":{"0":{"start":{"line":2,"column":0},"end":{"line":2,"column":27}},"1":{"start":{"line":3,"column":16},"end":{"line":3,"column":34}},"2":{"start":{"line":4,"column":13},"end":{"line":4,"column":28}},"3":{"start":{"line":5,"column":21},"end":{"line":5,"column":47}},"4":{"start":{"line":7,"column":12},"end":{"line":7,"column":21}},"5":{"start":{"line":9,"column":16},"end":{"line":9,"column":66}},"6":{"start":{"line":10,"column":23},"end":{"line":10,"column":86}},"7":{"start":{"line":10,"column":56},"end":{"line":10,"column":69}},"8":{"start":{"line":11,"column":0},"end":{"line":18,"column":4}},"9":{"start":{"line":13,"column":4},"end":{"line":15,"column":5}},"10":{"start":{"line":14,"column":6},"end":{"line":14,"column":34}},"11":{"start":{"line":16,"column":4},"end":{"line":16,"column":54}},"12":{"start":{"line":19,"column":0},"end":{"line":19,"column":24}},"13":{"start":{"line":22,"column":0},"end":{"line":27,"column":3}},"14":{"start":{"line":23,"column":13},"end":{"line":23,"column":23}},"15":{"start":{"line":24,"column":2},"end":{"line":24,"column":106}},"16":{"start":{"line":25,"column":2},"end":{"line":25,"column":116}},"17":{"start":{"line":25,"column":25},"end":{"line":25,"column":114}},"18":{"start":{"line":26,"column":2},"end":{"line":26,"column":9}},"19":{"start":{"line":30,"column":0},"end":{"line":30,"column":53}},"20":{"start":{"line":31,"column":0},"end":{"line":31,"column":54}},"21":{"start":{"line":32,"column":0},"end":{"line":32,"column":56}},"22":{"start":{"line":33,"column":0},"end":{"line":33,"column":56}},"23":{"start":{"line":34,"column":0},"end":{"line":34,"column":59}},"24":{"start":{"line":37,"column":0},"end":{"line":45,"column":3}},"25":{"start":{"line":38,"column":2},"end":{"line":44,"column":3}},"26":{"start":{"line":39,"column":28},"end":{"line":39,"column":80}},"27":{"start":{"line":40,"column":4},"end":{"line":40,"column":80}},"28":{"start":{"line":40,"column":15},"end":{"line":40,"column":80}},"29":{"start":{"line":41,"column":4},"end":{"line":41,"column":40}},"30":{"start":{"line":43,"column":4},"end":{"line":43,"column":65}},"31":{"start":{"line":48,"column":0},"end":{"line":63,"column":3}},"32":{"start":{"line":49,"column":2},"end":{"line":49,"column":30}},"33":{"start":{"line":50,"column":2},"end":{"line":50,"column":40}},"34":{"start":{"line":50,"column":23},"end":{"line":50,"column":40}},"35":{"start":{"line":51,"column":17},"end":{"line":51,"column":52}},"36":{"start":{"line":53,"column":4},"end":{"line":56,"column":11}},"37":{"start":{"line":57,"column":18},"end":{"line":57,"column":29}},"38":{"start":{"line":58,"column":2},"end":{"line":61,"column":3}},"39":{"start":{"line":59,"column":20},"end":{"line":59,"column":45}},"40":{"start":{"line":60,"column":4},"end":{"line":60,"column":43}},"41":{"start":{"line":60,"column":17},"end":{"line":60,"column":43}},"42":{"start":{"line":62,"column":2},"end":{"line":62,"column":35}},"43":{"start":{"line":65,"column":0},"end":{"line":65,"column":21}}},"fnMap":{"0":{"name":"(anonymous_0)","decl":{"start":{"line":10,"column":46},"end":{"line":10,"column":47}},"loc":{"start":{"line":10,"column":56},"end":{"line":10,"column":69}},"line":10},"1":{"name":"(anonymous_1)","decl":{"start":{"line":12,"column":2},"end":{"line":12,"column":3}},"loc":{"start":{"line":12,"column":27},"end":{"line":17,"column":3}},"line":12},"2":{"name":"(anonymous_2)","decl":{"start":{"line":22,"column":8},"end":{"line":22,"column":9}},"loc":{"start":{"line":22,"column":28},"end":{"line":27,"column":1}},"line":22},"3":{"name":"(anonymous_3)","decl":{"start":{"line":25,"column":19},"end":{"line":25,"column":20}},"loc":{"start":{"line":25,"column":25},"end":{"line":25,"column":114}},"line":25},"4":{"name":"(anonymous_4)","decl":{"start":{"line":37,"column":21},"end":{"line":37,"column":22}},"loc":{"start":{"line":37,"column":42},"end":{"line":45,"column":1}},"line":37},"5":{"name":"(anonymous_5)","decl":{"start":{"line":48,"column":8},"end":{"line":48,"column":9}},"loc":{"start":{"line":48,"column":34},"end":{"line":63,"column":1}},"line":48}},"branchMap":{"0":{"loc":{"start":{"line":9,"column":16},"end":{"line":9,"column":66}},"type":"binary-expr","locations":[{"start":{"line":9,"column":16},"end":{"line":9,"column":39}},{"start":{"line":9,"column":43},"end":{"line":9,"column":66}}],"line":9},"1":{"loc":{"start":{"line":13,"column":4},"end":{"line":15,"column":5}},"type":"if","locations":[{"start":{"line":13,"column":4},"end":{"line":15,"column":5}},{"start":{},"end":{}}],"line":13},"2":{"loc":{"start":{"line":13,"column":8},"end":{"line":13,"column":82}},"type":"binary-expr","locations":[{"start":{"line":13,"column":8},"end":{"line":13,"column":15}},{"start":{"line":13,"column":19},"end":{"line":13,"column":47}},{"start":{"line":13,"column":51},"end":{"line":13,"column":82}}],"line":13},"3":{"loc":{"start":{"line":24,"column":48},"end":{"line":24,"column":104}},"type":"cond-expr","locations":[{"start":{"line":24,"column":91},"end":{"line":24,"column":99}},{"start":{"line":24,"column":102},"end":{"line":24,"column":104}}],"line":24},"4":{"loc":{"start":{"line":24,"column":48},"end":{"line":24,"column":88}},"type":"binary-expr","locations":[{"start":{"line":24,"column":48},"end":{"line":24,"column":56}},{"start":{"line":24,"column":60},"end":{"line":24,"column":88}}],"line":24},"5":{"loc":{"start":{"line":40,"column":4},"end":{"line":40,"column":80}},"type":"if","locations":[{"start":{"line":40,"column":4},"end":{"line":40,"column":80}},{"start":{},"end":{}}],"line":40},"6":{"loc":{"start":{"line":50,"column":2},"end":{"line":50,"column":40}},"type":"if","locations":[{"start":{"line":50,"column":2},"end":{"line":50,"column":40}},{"start":{},"end":{}}],"line":50},"7":{"loc":{"start":{"line":51,"column":17},"end":{"line":51,"column":52}},"type":"binary-expr","locations":[{"start":{"line":51,"column":17},"end":{"line":51,"column":27}},{"start":{"line":51,"column":31},"end":{"line":51,"column":45}},{"start":{"line":51,"column":49},"end":{"line":51,"column":52}}],"line":51},"8":{"loc":{"start":{"line":53,"column":4},"end":{"line":56,"column":11}},"type":"binary-expr","locations":[{"start":{"line":53,"column":4},"end":{"line":53,"column":15}},{"start":{"line":54,"column":4},"end":{"line":54,"column":22}},{"start":{"line":55,"column":4},"end":{"line":55,"column":25}},{"start":{"line":56,"column":4},"end":{"line":56,"column":11}}],"line":53},"9":{"loc":{"start":{"line":58,"column":2},"end":{"line":61,"column":3}},"type":"if","locations":[{"start":{"line":58,"column":2},"end":{"line":61,"column":3}},{"start":{},"end":{}}],"line":58},"10":{"loc":{"start":{"line":59,"column":20},"end":{"line":59,"column":45}},"type":"binary-expr","locations":[{"start":{"line":59,"column":20},"end":{"line":59,"column":31}},{"start":{"line":59,"column":35},"end":{"line":59,"column":45}}],"line":59},"11":{"loc":{"start":{"line":60,"column":4},"end":{"line":60,"column":43}},"type":"if","locations":[{"start":{"line":60,"column":4},"end":{"line":60,"column":43}},{"start":{},"end":{}}],"line":60}},"s":{"0":1,"1":1,"2":1,"3":1,"4":1,"5":1,"6":1,"7":1,"8":1,"9":2,"10":2,"11":0,"12":1,"13":1,"14":2,"15":2,"16":2,"17":2,"18":2,"19":1,"20":1,"21":1,"22":1,"23":1,"24":1,"25":2,"26":2,"27":2,"28":1,"29":1,"30":0,"31":1,"32":0,"33":0,"34":0,"35":0,"36":0,"37":0,"38":0,"39":0,"40":0,"41":0,"42":0,"43":1},"f":{"0":1,"1":2,"2":2,"3":2,"4":2,"5":0},"b":{"0":[1,0],"1":[2,0],"2":[2,0,0],"3":[0,2],"4":[2,2],"5":[1,1],"6":[0,0],"7":[0,0,0],"8":[0,0,0,0],"9":[0,0],"10":[0,0],"11":[0,0]},"_coverageSchema":"1a1c01bbd47fc00a2c39e90264f33305004495a9","hash":"de9fe43ab7c5d79a166ec2faa12d83a72090d458"}
,"C:\\Users\\Nicolas\\OneDrive\\Documentos\\GitHub\\SOFTWARE_2\\Back\\src\\constants\\orderStatus.js": {"path":"C:\\Users\\Nicolas\\OneDrive\\Documentos\\GitHub\\SOFTWARE_2\\Back\\src\\constants\\orderStatus.js","statementMap":{"0":{"start":{"line":1,"column":21},"end":{"line":8,"column":2}},"1":{"start":{"line":10,"column":26},"end":{"line":17,"column":2}},"2":{"start":{"line":20,"column":2},"end":{"line":20,"column":54}},"3":{"start":{"line":23,"column":0},"end":{"line":27,"column":2}}},"fnMap":{"0":{"name":"isValidOrderStatus","decl":{"start":{"line":19,"column":9},"end":{"line":19,"column":27}},"loc":{"start":{"line":19,"column":36},"end":{"line":21,"column":1}},"line":19}},"branchMap":{},"s":{"0":1,"1":1,"2":0,"3":1},"f":{"0":0},"b":{},"_coverageSchema":"1a1c01bbd47fc00a2c39e90264f33305004495a9","hash":"7d9cee8124b52a04bfc6b2d48d621d81f9e53a4c"}
,"C:\\Users\\Nicolas\\OneDrive\\Documentos\\GitHub\\SOFTWARE_2\\Back\\src\\controllers\\authController.js": {"path":"C:\\Users\\Nicolas\\OneDrive\\Documentos\\GitHub\\SOFTWARE_2\\Back\\src\\controllers\\authController.js","statementMap":{"0":{"start":{"line":1,"column":20},"end":{"line":1,"column":54}},"1":{"start":{"line":3,"column":0},"end":{"line":17,"column":2}},"2":{"start":{"line":4,"column":2},"end":{"line":16,"column":3}},"3":{"start":{"line":5,"column":20},"end":{"line":11,"column":5}},"4":{"start":{"line":12,"column":19},"end":{"line":12,"column":54}},"5":{"start":{"line":13,"column":4},"end":{"line":13,"column":33}},"6":{"start":{"line":15,"column":4},"end":{"line":15,"column":16}},"7":{"start":{"line":19,"column":0},"end":{"line":30,"column":2}},"8":{"start":{"line":20,"column":2},"end":{"line":29,"column":3}},"9":{"start":{"line":21,"column":24},"end":{"line":24,"column":5}},"10":{"start":{"line":25,"column":19},"end":{"line":25,"column":55}},"11":{"start":{"line":26,"column":4},"end":{"line":26,"column":21}},"12":{"start":{"line":28,"column":4},"end":{"line":28,"column":16}}},"fnMap":{"0":{"name":"(anonymous_0)","decl":{"start":{"line":3,"column":19},"end":{"line":3,"column":20}},"loc":{"start":{"line":3,"column":45},"end":{"line":17,"column":1}},"line":3},"1":{"name":"(anonymous_1)","decl":{"start":{"line":19,"column":16},"end":{"line":19,"column":17}},"loc":{"start":{"line":19,"column":42},"end":{"line":30,"column":1}},"line":19}},"branchMap":{"0":{"loc":{"start":{"line":6,"column":14},"end":{"line":6,"column":46}},"type":"binary-expr","locations":[{"start":{"line":6,"column":14},"end":{"line":6,"column":29}},{"start":{"line":6,"column":33},"end":{"line":6,"column":46}}],"line":6},"1":{"loc":{"start":{"line":7,"column":14},"end":{"line":7,"column":47}},"type":"binary-expr","locations":[{"start":{"line":7,"column":14},"end":{"line":7,"column":29}},{"start":{"line":7,"column":33},"end":{"line":7,"column":47}}],"line":7},"2":{"loc":{"start":{"line":8,"column":16},"end":{"line":8,"column":62}},"type":"binary-expr","locations":[{"start":{"line":8,"column":16},"end":{"line":8,"column":33}},{"start":{"line":8,"column":37},"end":{"line":8,"column":50}},{"start":{"line":8,"column":54},"end":{"line":8,"column":62}}],"line":8},"3":{"loc":{"start":{"line":9,"column":15},"end":{"line":9,"column":55}},"type":"binary-expr","locations":[{"start":{"line":9,"column":15},"end":{"line":9,"column":31}},{"start":{"line":9,"column":35},"end":{"line":9,"column":49}},{"start":{"line":9,"column":53},"end":{"line":9,"column":55}}],"line":9},"4":{"loc":{"start":{"line":10,"column":11},"end":{"line":10,"column":37}},"type":"binary-expr","locations":[{"start":{"line":10,"column":11},"end":{"line":10,"column":23}},{"start":{"line":10,"column":27},"end":{"line":10,"column":37}}],"line":10},"5":{"loc":{"start":{"line":22,"column":14},"end":{"line":22,"column":47}},"type":"binary-expr","locations":[{"start":{"line":22,"column":14},"end":{"line":22,"column":29}},{"start":{"line":22,"column":33},"end":{"line":22,"column":47}}],"line":22},"6":{"loc":{"start":{"line":23,"column":16},"end":{"line":23,"column":50}},"type":"binary-expr","locations":[{"start":{"line":23,"column":16},"end":{"line":23,"column":33}},{"start":{"line":23,"column":37},"end":{"line":23,"column":50}}],"line":23}},"s":{"0":1,"1":1,"2":0,"3":0,"4":0,"5":0,"6":0,"7":1,"8":0,"9":0,"10":0,"11":0,"12":0},"f":{"0":0,"1":0},"b":{"0":[0,0],"1":[0,0],"2":[0,0,0],"3":[0,0,0],"4":[0,0],"5":[0,0],"6":[0,0]},"_coverageSchema":"1a1c01bbd47fc00a2c39e90264f33305004495a9","hash":"4dd53e59746982dae0ce60ad934b17b9779f5f20"}
,"C:\\Users\\Nicolas\\OneDrive\\Documentos\\GitHub\\SOFTWARE_2\\Back\\src\\controllers\\chatController.js": {"path":"C:\\Users\\Nicolas\\OneDrive\\Documentos\\GitHub\\SOFTWARE_2\\Back\\src\\controllers\\chatController.js","statementMap":{"0":{"start":{"line":1,"column":20},"end":{"line":1,"column":54}},"1":{"start":{"line":4,"column":2},"end":{"line":11,"column":3}},"2":{"start":{"line":5,"column":20},"end":{"line":5,"column":33}},"3":{"start":{"line":6,"column":19},"end":{"line":6,"column":29}},"4":{"start":{"line":7,"column":21},"end":{"line":7,"column":68}},"5":{"start":{"line":8,"column":4},"end":{"line":8,"column":27}},"6":{"start":{"line":10,"column":4},"end":{"line":10,"column":14}},"7":{"start":{"line":15,"column":2},"end":{"line":23,"column":3}},"8":{"start":{"line":16,"column":20},"end":{"line":16,"column":33}},"9":{"start":{"line":17,"column":19},"end":{"line":17,"column":29}},"10":{"start":{"line":18,"column":24},"end":{"line":18,"column":38}},"11":{"start":{"line":19,"column":18},"end":{"line":19,"column":73}},"12":{"start":{"line":20,"column":4},"end":{"line":20,"column":45}},"13":{"start":{"line":22,"column":4},"end":{"line":22,"column":14}},"14":{"start":{"line":26,"column":0},"end":{"line":29,"column":2}}},"fnMap":{"0":{"name":"listChat","decl":{"start":{"line":3,"column":15},"end":{"line":3,"column":23}},"loc":{"start":{"line":3,"column":40},"end":{"line":12,"column":1}},"line":3},"1":{"name":"sendChat","decl":{"start":{"line":14,"column":15},"end":{"line":14,"column":23}},"loc":{"start":{"line":14,"column":40},"end":{"line":24,"column":1}},"line":14}},"branchMap":{"0":{"loc":{"start":{"line":18,"column":24},"end":{"line":18,"column":38}},"type":"binary-expr","locations":[{"start":{"line":18,"column":24},"end":{"line":18,"column":32}},{"start":{"line":18,"column":36},"end":{"line":18,"column":38}}],"line":18}},"s":{"0":1,"1":0,"2":0,"3":0,"4":0,"5":0,"6":0,"7":0,"8":0,"9":0,"10":0,"11":0,"12":0,"13":0,"14":1},"f":{"0":0,"1":0},"b":{"0":[0,0]},"_coverageSchema":"1a1c01bbd47fc00a2c39e90264f33305004495a9","hash":"bb5950aad57ff6e9cca0dd41c367fbfcd83caa91"}
,"C:\\Users\\Nicolas\\OneDrive\\Documentos\\GitHub\\SOFTWARE_2\\Back\\src\\controllers\\orderController.js": {"path":"C:\\Users\\Nicolas\\OneDrive\\Documentos\\GitHub\\SOFTWARE_2\\Back\\src\\controllers\\orderController.js","statementMap":{"0":{"start":{"line":2,"column":21},"end":{"line":2,"column":56}},"1":{"start":{"line":9,"column":2},"end":{"line":9,"column":39}},"2":{"start":{"line":9,"column":29},"end":{"line":9,"column":39}},"3":{"start":{"line":11,"column":2},"end":{"line":15,"column":6}},"4":{"start":{"line":11,"column":30},"end":{"line":15,"column":3}},"5":{"start":{"line":19,"column":0},"end":{"line":26,"column":2}},"6":{"start":{"line":20,"column":2},"end":{"line":25,"column":3}},"7":{"start":{"line":21,"column":19},"end":{"line":21,"column":71}},"8":{"start":{"line":22,"column":4},"end":{"line":22,"column":25}},"9":{"start":{"line":24,"column":4},"end":{"line":24,"column":16}},"10":{"start":{"line":35,"column":0},"end":{"line":78,"column":2}},"11":{"start":{"line":36,"column":2},"end":{"line":77,"column":3}},"12":{"start":{"line":37,"column":20},"end":{"line":37,"column":57}},"13":{"start":{"line":38,"column":18},"end":{"line":38,"column":48}},"14":{"start":{"line":40,"column":4},"end":{"line":42,"column":5}},"15":{"start":{"line":41,"column":6},"end":{"line":41,"column":69}},"16":{"start":{"line":43,"column":4},"end":{"line":45,"column":5}},"17":{"start":{"line":44,"column":6},"end":{"line":44,"column":75}},"18":{"start":{"line":47,"column":4},"end":{"line":57,"column":5}},"19":{"start":{"line":48,"column":6},"end":{"line":50,"column":7}},"20":{"start":{"line":49,"column":8},"end":{"line":49,"column":82}},"21":{"start":{"line":51,"column":6},"end":{"line":53,"column":7}},"22":{"start":{"line":52,"column":8},"end":{"line":52,"column":72}},"23":{"start":{"line":54,"column":6},"end":{"line":56,"column":7}},"24":{"start":{"line":55,"column":8},"end":{"line":55,"column":74}},"25":{"start":{"line":60,"column":20},"end":{"line":67,"column":5}},"26":{"start":{"line":69,"column":18},"end":{"line":69,"column":57}},"27":{"start":{"line":72,"column":4},"end":{"line":72,"column":36}},"28":{"start":{"line":75,"column":4},"end":{"line":75,"column":45}},"29":{"start":{"line":76,"column":4},"end":{"line":76,"column":16}},"30":{"start":{"line":81,"column":0},"end":{"line":88,"column":2}},"31":{"start":{"line":82,"column":2},"end":{"line":87,"column":3}},"32":{"start":{"line":83,"column":18},"end":{"line":83,"column":92}},"33":{"start":{"line":84,"column":4},"end":{"line":84,"column":24}},"34":{"start":{"line":86,"column":4},"end":{"line":86,"column":16}},"35":{"start":{"line":95,"column":0},"end":{"line":107,"column":2}},"36":{"start":{"line":96,"column":2},"end":{"line":106,"column":3}},"37":{"start":{"line":97,"column":18},"end":{"line":102,"column":5}},"38":{"start":{"line":103,"column":4},"end":{"line":103,"column":24}},"39":{"start":{"line":105,"column":4},"end":{"line":105,"column":16}}},"fnMap":{"0":{"name":"normaliseItems","decl":{"start":{"line":8,"column":9},"end":{"line":8,"column":23}},"loc":{"start":{"line":8,"column":31},"end":{"line":16,"column":1}},"line":8},"1":{"name":"(anonymous_1)","decl":{"start":{"line":11,"column":19},"end":{"line":11,"column":20}},"loc":{"start":{"line":11,"column":30},"end":{"line":15,"column":3}},"line":11},"2":{"name":"(anonymous_2)","decl":{"start":{"line":19,"column":21},"end":{"line":19,"column":22}},"loc":{"start":{"line":19,"column":47},"end":{"line":26,"column":1}},"line":19},"3":{"name":"(anonymous_3)","decl":{"start":{"line":35,"column":22},"end":{"line":35,"column":23}},"loc":{"start":{"line":35,"column":48},"end":{"line":78,"column":1}},"line":35},"4":{"name":"(anonymous_4)","decl":{"start":{"line":81,"column":19},"end":{"line":81,"column":20}},"loc":{"start":{"line":81,"column":45},"end":{"line":88,"column":1}},"line":81},"5":{"name":"(anonymous_5)","decl":{"start":{"line":95,"column":23},"end":{"line":95,"column":24}},"loc":{"start":{"line":95,"column":49},"end":{"line":107,"column":1}},"line":95}},"branchMap":{"0":{"loc":{"start":{"line":9,"column":2},"end":{"line":9,"column":39}},"type":"if","locations":[{"start":{"line":9,"column":2},"end":{"line":9,"column":39}},{"start":{},"end":{}}],"line":9},"1":{"loc":{"start":{"line":12,"column":16},"end":{"line":12,"column":60}},"type":"binary-expr","locations":[{"start":{"line":12,"column":16},"end":{"line":12,"column":31}},{"start":{"line":12,"column":35},"end":{"line":12,"column":49}},{"start":{"line":12,"column":53},"end":{"line":12,"column":60}}],"line":12},"2":{"loc":{"start":{"line":13,"column":21},"end":{"line":13,"column":68}},"type":"binary-expr","locations":[{"start":{"line":13,"column":21},"end":{"line":13,"column":34}},{"start":{"line":13,"column":38},"end":{"line":13,"column":46}},{"start":{"line":13,"column":50},"end":{"line":13,"column":63}},{"start":{"line":13,"column":67},"end":{"line":13,"column":68}}],"line":13},"3":{"loc":{"start":{"line":14,"column":19},"end":{"line":14,"column":49}},"type":"binary-expr","locations":[{"start":{"line":14,"column":19},"end":{"line":14,"column":30}},{"start":{"line":14,"column":34},"end":{"line":14,"column":44}},{"start":{"line":14,"column":48},"end":{"line":14,"column":49}}],"line":14},"4":{"loc":{"start":{"line":37,"column":20},"end":{"line":37,"column":57}},"type":"binary-expr","locations":[{"start":{"line":37,"column":20},"end":{"line":37,"column":36}},{"start":{"line":37,"column":40},"end":{"line":37,"column":57}}],"line":37},"5":{"loc":{"start":{"line":40,"column":4},"end":{"line":42,"column":5}},"type":"if","locations":[{"start":{"line":40,"column":4},"end":{"line":42,"column":5}},{"start":{},"end":{}}],"line":40},"6":{"loc":{"start":{"line":43,"column":4},"end":{"line":45,"column":5}},"type":"if","locations":[{"start":{"line":43,"column":4},"end":{"line":45,"column":5}},{"start":{},"end":{}}],"line":43},"7":{"loc":{"start":{"line":48,"column":6},"end":{"line":50,"column":7}},"type":"if","locations":[{"start":{"line":48,"column":6},"end":{"line":50,"column":7}},{"start":{},"end":{}}],"line":48},"8":{"loc":{"start":{"line":51,"column":6},"end":{"line":53,"column":7}},"type":"if","locations":[{"start":{"line":51,"column":6},"end":{"line":53,"column":7}},{"start":{},"end":{}}],"line":51},"9":{"loc":{"start":{"line":54,"column":6},"end":{"line":56,"column":7}},"type":"if","locations":[{"start":{"line":54,"column":6},"end":{"line":56,"column":7}},{"start":{},"end":{}}],"line":54},"10":{"loc":{"start":{"line":64,"column":17},"end":{"line":64,"column":62}},"type":"binary-expr","locations":[{"start":{"line":64,"column":17},"end":{"line":64,"column":35}},{"start":{"line":64,"column":39},"end":{"line":64,"column":54}},{"start":{"line":64,"column":58},"end":{"line":64,"column":62}}],"line":64},"11":{"loc":{"start":{"line":65,"column":24},"end":{"line":65,"column":99}},"type":"binary-expr","locations":[{"start":{"line":65,"column":24},"end":{"line":65,"column":42}},{"start":{"line":65,"column":46},"end":{"line":65,"column":71}},{"start":{"line":65,"column":75},"end":{"line":65,"column":91}},{"start":{"line":65,"column":95},"end":{"line":65,"column":99}}],"line":65},"12":{"loc":{"start":{"line":66,"column":19},"end":{"line":66,"column":65}},"type":"binary-expr","locations":[{"start":{"line":66,"column":19},"end":{"line":66,"column":39}},{"start":{"line":66,"column":43},"end":{"line":66,"column":57}},{"start":{"line":66,"column":61},"end":{"line":66,"column":65}}],"line":66},"13":{"loc":{"start":{"line":101,"column":6},"end":{"line":101,"column":52}},"type":"binary-expr","locations":[{"start":{"line":101,"column":6},"end":{"line":101,"column":26}},{"start":{"line":101,"column":30},"end":{"line":101,"column":44}},{"start":{"line":101,"column":48},"end":{"line":101,"column":52}}],"line":101}},"s":{"0":0,"1":0,"2":0,"3":0,"4":0,"5":0,"6":0,"7":0,"8":0,"9":0,"10":0,"11":0,"12":0,"13":0,"14":0,"15":0,"16":0,"17":0,"18":0,"19":0,"20":0,"21":0,"22":0,"23":0,"24":0,"25":0,"26":0,"27":0,"28":0,"29":0,"30":0,"31":0,"32":0,"33":0,"34":0,"35":0,"36":0,"37":0,"38":0,"39":0},"f":{"0":0,"1":0,"2":0,"3":0,"4":0,"5":0},"b":{"0":[0,0],"1":[0,0,0],"2":[0,0,0,0],"3":[0,0,0],"4":[0,0],"5":[0,0],"6":[0,0],"7":[0,0],"8":[0,0],"9":[0,0],"10":[0,0,0],"11":[0,0,0,0],"12":[0,0,0],"13":[0,0,0]}}
,"C:\\Users\\Nicolas\\OneDrive\\Documentos\\GitHub\\SOFTWARE_2\\Back\\src\\controllers\\storeController.js": {"path":"C:\\Users\\Nicolas\\OneDrive\\Documentos\\GitHub\\SOFTWARE_2\\Back\\src\\controllers\\storeController.js","statementMap":{"0":{"start":{"line":1,"column":21},"end":{"line":1,"column":56}},"1":{"start":{"line":3,"column":0},"end":{"line":10,"column":2}},"2":{"start":{"line":4,"column":2},"end":{"line":9,"column":3}},"3":{"start":{"line":5,"column":19},"end":{"line":5,"column":44}},"4":{"start":{"line":6,"column":4},"end":{"line":6,"column":25}},"5":{"start":{"line":8,"column":4},"end":{"line":8,"column":16}}},"fnMap":{"0":{"name":"(anonymous_0)","decl":{"start":{"line":3,"column":21},"end":{"line":3,"column":22}},"loc":{"start":{"line":3,"column":41},"end":{"line":10,"column":1}},"line":3}},"branchMap":{},"s":{"0":0,"1":0,"2":0,"3":0,"4":0,"5":0},"f":{"0":0},"b":{}}
,"C:\\Users\\Nicolas\\OneDrive\\Documentos\\GitHub\\SOFTWARE_2\\Back\\src\\controllers\\userController.js": {"path":"C:\\Users\\Nicolas\\OneDrive\\Documentos\\GitHub\\SOFTWARE_2\\Back\\src\\controllers\\userController.js","statementMap":{"0":{"start":{"line":1,"column":20},"end":{"line":1,"column":54}},"1":{"start":{"line":3,"column":0},"end":{"line":10,"column":2}},"2":{"start":{"line":4,"column":2},"end":{"line":9,"column":3}},"3":{"start":{"line":5,"column":20},"end":{"line":5,"column":55}},"4":{"start":{"line":6,"column":4},"end":{"line":6,"column":32}},"5":{"start":{"line":8,"column":4},"end":{"line":8,"column":16}},"6":{"start":{"line":12,"column":0},"end":{"line":24,"column":2}},"7":{"start":{"line":13,"column":2},"end":{"line":23,"column":3}},"8":{"start":{"line":14,"column":20},"end":{"line":19,"column":6}},"9":{"start":{"line":20,"column":4},"end":{"line":20,"column":32}},"10":{"start":{"line":22,"column":4},"end":{"line":22,"column":16}},"11":{"start":{"line":26,"column":0},"end":{"line":33,"column":2}},"12":{"start":{"line":27,"column":2},"end":{"line":32,"column":3}},"13":{"start":{"line":28,"column":18},"end":{"line":28,"column":52}},"14":{"start":{"line":29,"column":4},"end":{"line":29,"column":24}},"15":{"start":{"line":31,"column":4},"end":{"line":31,"column":16}},"16":{"start":{"line":35,"column":0},"end":{"line":48,"column":2}},"17":{"start":{"line":36,"column":2},"end":{"line":47,"column":3}},"18":{"start":{"line":37,"column":17},"end":{"line":43,"column":6}},"19":{"start":{"line":44,"column":4},"end":{"line":44,"column":35}},"20":{"start":{"line":46,"column":4},"end":{"line":46,"column":16}},"21":{"start":{"line":50,"column":0},"end":{"line":57,"column":2}},"22":{"start":{"line":51,"column":2},"end":{"line":56,"column":3}},"23":{"start":{"line":52,"column":4},"end":{"line":52,"column":59}},"24":{"start":{"line":53,"column":4},"end":{"line":53,"column":27}},"25":{"start":{"line":55,"column":4},"end":{"line":55,"column":16}}},"fnMap":{"0":{"name":"(anonymous_0)","decl":{"start":{"line":3,"column":16},"end":{"line":3,"column":17}},"loc":{"start":{"line":3,"column":36},"end":{"line":10,"column":1}},"line":3},"1":{"name":"(anonymous_1)","decl":{"start":{"line":12,"column":19},"end":{"line":12,"column":20}},"loc":{"start":{"line":12,"column":39},"end":{"line":24,"column":1}},"line":12},"2":{"name":"(anonymous_2)","decl":{"start":{"line":26,"column":20},"end":{"line":26,"column":21}},"loc":{"start":{"line":26,"column":40},"end":{"line":33,"column":1}},"line":26},"3":{"name":"(anonymous_3)","decl":{"start":{"line":35,"column":18},"end":{"line":35,"column":19}},"loc":{"start":{"line":35,"column":38},"end":{"line":48,"column":1}},"line":35},"4":{"name":"(anonymous_4)","decl":{"start":{"line":50,"column":21},"end":{"line":50,"column":22}},"loc":{"start":{"line":50,"column":41},"end":{"line":57,"column":1}},"line":50}},"branchMap":{"0":{"loc":{"start":{"line":15,"column":14},"end":{"line":15,"column":46}},"type":"binary-expr","locations":[{"start":{"line":15,"column":14},"end":{"line":15,"column":29}},{"start":{"line":15,"column":33},"end":{"line":15,"column":46}}],"line":15},"1":{"loc":{"start":{"line":16,"column":15},"end":{"line":16,"column":49}},"type":"binary-expr","locations":[{"start":{"line":16,"column":15},"end":{"line":16,"column":31}},{"start":{"line":16,"column":35},"end":{"line":16,"column":49}}],"line":16},"2":{"loc":{"start":{"line":17,"column":12},"end":{"line":17,"column":43}},"type":"binary-expr","locations":[{"start":{"line":17,"column":12},"end":{"line":17,"column":25}},{"start":{"line":17,"column":29},"end":{"line":17,"column":43}}],"line":17},"3":{"loc":{"start":{"line":38,"column":21},"end":{"line":38,"column":81}},"type":"binary-expr","locations":[{"start":{"line":38,"column":21},"end":{"line":38,"column":43}},{"start":{"line":38,"column":47},"end":{"line":38,"column":62}},{"start":{"line":38,"column":66},"end":{"line":38,"column":81}}],"line":38},"4":{"loc":{"start":{"line":39,"column":19},"end":{"line":39,"column":62}},"type":"binary-expr","locations":[{"start":{"line":39,"column":19},"end":{"line":39,"column":39}},{"start":{"line":39,"column":43},"end":{"line":39,"column":62}}],"line":39},"5":{"loc":{"start":{"line":40,"column":11},"end":{"line":40,"column":39}},"type":"binary-expr","locations":[{"start":{"line":40,"column":11},"end":{"line":40,"column":23}},{"start":{"line":40,"column":27},"end":{"line":40,"column":39}}],"line":40},"6":{"loc":{"start":{"line":41,"column":14},"end":{"line":41,"column":47}},"type":"binary-expr","locations":[{"start":{"line":41,"column":14},"end":{"line":41,"column":29}},{"start":{"line":41,"column":33},"end":{"line":41,"column":47}}],"line":41},"7":{"loc":{"start":{"line":42,"column":12},"end":{"line":42,"column":33}},"type":"binary-expr","locations":[{"start":{"line":42,"column":12},"end":{"line":42,"column":25}},{"start":{"line":42,"column":29},"end":{"line":42,"column":33}}],"line":42}},"s":{"0":1,"1":1,"2":0,"3":0,"4":0,"5":0,"6":1,"7":0,"8":0,"9":0,"10":0,"11":1,"12":0,"13":0,"14":0,"15":0,"16":1,"17":0,"18":0,"19":0,"20":0,"21":1,"22":0,"23":0,"24":0,"25":0},"f":{"0":0,"1":0,"2":0,"3":0,"4":0},"b":{"0":[0,0],"1":[0,0],"2":[0,0],"3":[0,0,0],"4":[0,0],"5":[0,0],"6":[0,0],"7":[0,0]},"_coverageSchema":"1a1c01bbd47fc00a2c39e90264f33305004495a9","hash":"8b0953d257b30a2d0bb32e30ab23e19f0e5dac53"}
,"C:\\Users\\Nicolas\\OneDrive\\Documentos\\GitHub\\SOFTWARE_2\\Back\\src\\data\\database.js": {"path":"C:\\Users\\Nicolas\\OneDrive\\Documentos\\GitHub\\SOFTWARE_2\\Back\\src\\data\\database.js","statementMap":{"0":{"start":{"line":2,"column":0},"end":{"line":2,"column":27}},"1":{"start":{"line":3,"column":25},"end":{"line":3,"column":57}},"2":{"start":{"line":5,"column":21},"end":{"line":5,"column":45}},"3":{"start":{"line":6,"column":30},"end":{"line":6,"column":63}},"4":{"start":{"line":8,"column":0},"end":{"line":10,"column":1}},"5":{"start":{"line":9,"column":2},"end":{"line":9,"column":73}},"6":{"start":{"line":12,"column":17},"end":{"line":14,"column":2}},"7":{"start":{"line":16,"column":0},"end":{"line":16,"column":30}}},"fnMap":{},"branchMap":{"0":{"loc":{"start":{"line":8,"column":0},"end":{"line":10,"column":1}},"type":"if","locations":[{"start":{"line":8,"column":0},"end":{"line":10,"column":1}},{"start":{},"end":{}}],"line":8},"1":{"loc":{"start":{"line":8,"column":4},"end":{"line":8,"column":43}},"type":"binary-expr","locations":[{"start":{"line":8,"column":4},"end":{"line":8,"column":17}},{"start":{"line":8,"column":21},"end":{"line":8,"column":43}}],"line":8}},"s":{"0":0,"1":0,"2":0,"3":0,"4":0,"5":0,"6":0,"7":0},"f":{},"b":{"0":[0,0],"1":[0,0]}}
,"C:\\Users\\Nicolas\\OneDrive\\Documentos\\GitHub\\SOFTWARE_2\\Back\\src\\middlewares\\authMiddleware.js": {"path":"C:\\Users\\Nicolas\\OneDrive\\Documentos\\GitHub\\SOFTWARE_2\\Back\\src\\middlewares\\authMiddleware.js","statementMap":{"0":{"start":{"line":1,"column":20},"end":{"line":1,"column":54}},"1":{"start":{"line":3,"column":0},"end":{"line":30,"column":2}},"2":{"start":{"line":4,"column":17},"end":{"line":4,"column":48}},"3":{"start":{"line":5,"column":16},"end":{"line":7,"column":24}},"4":{"start":{"line":9,"column":2},"end":{"line":13,"column":3}},"5":{"start":{"line":10,"column":18},"end":{"line":10,"column":54}},"6":{"start":{"line":11,"column":4},"end":{"line":11,"column":23}},"7":{"start":{"line":12,"column":4},"end":{"line":12,"column":23}},"8":{"start":{"line":15,"column":2},"end":{"line":29,"column":3}},"9":{"start":{"line":16,"column":20},"end":{"line":16,"column":50}},"10":{"start":{"line":17,"column":17},"end":{"line":17,"column":52}},"11":{"start":{"line":18,"column":4},"end":{"line":22,"column":5}},"12":{"start":{"line":19,"column":20},"end":{"line":19,"column":54}},"13":{"start":{"line":20,"column":6},"end":{"line":20,"column":25}},"14":{"start":{"line":21,"column":6},"end":{"line":21,"column":18}},"15":{"start":{"line":23,"column":4},"end":{"line":23,"column":46}},"16":{"start":{"line":24,"column":4},"end":{"line":24,"column":26}},"17":{"start":{"line":25,"column":4},"end":{"line":25,"column":11}},"18":{"start":{"line":27,"column":4},"end":{"line":27,"column":39}},"19":{"start":{"line":28,"column":4},"end":{"line":28,"column":16}}},"fnMap":{"0":{"name":"(anonymous_0)","decl":{"start":{"line":3,"column":17},"end":{"line":3,"column":18}},"loc":{"start":{"line":3,"column":37},"end":{"line":30,"column":1}},"line":3}},"branchMap":{"0":{"loc":{"start":{"line":4,"column":17},"end":{"line":4,"column":48}},"type":"binary-expr","locations":[{"start":{"line":4,"column":17},"end":{"line":4,"column":42}},{"start":{"line":4,"column":46},"end":{"line":4,"column":48}}],"line":4},"1":{"loc":{"start":{"line":5,"column":16},"end":{"line":7,"column":24}},"type":"cond-expr","locations":[{"start":{"line":6,"column":6},"end":{"line":6,"column":21}},{"start":{"line":7,"column":6},"end":{"line":7,"column":24}}],"line":5},"2":{"loc":{"start":{"line":9,"column":2},"end":{"line":13,"column":3}},"type":"if","locations":[{"start":{"line":9,"column":2},"end":{"line":13,"column":3}},{"start":{},"end":{}}],"line":9},"3":{"loc":{"start":{"line":18,"column":4},"end":{"line":22,"column":5}},"type":"if","locations":[{"start":{"line":18,"column":4},"end":{"line":22,"column":5}},{"start":{},"end":{}}],"line":18},"4":{"loc":{"start":{"line":27,"column":19},"end":{"line":27,"column":38}},"type":"binary-expr","locations":[{"start":{"line":27,"column":19},"end":{"line":27,"column":31}},{"start":{"line":27,"column":35},"end":{"line":27,"column":38}}],"line":27}},"s":{"0":1,"1":1,"2":0,"3":0,"4":0,"5":0,"6":0,"7":0,"8":0,"9":0,"10":0,"11":0,"12":0,"13":0,"14":0,"15":0,"16":0,"17":0,"18":0,"19":0},"f":{"0":0},"b":{"0":[0,0],"1":[0,0],"2":[0,0],"3":[0,0],"4":[0,0]},"_coverageSchema":"1a1c01bbd47fc00a2c39e90264f33305004495a9","hash":"24a52e5a42e699e07b618a609cad156392e9deca"}
,"C:\\Users\\Nicolas\\OneDrive\\Documentos\\GitHub\\SOFTWARE_2\\Back\\src\\middlewares\\errorMiddleware.js": {"path":"C:\\Users\\Nicolas\\OneDrive\\Documentos\\GitHub\\SOFTWARE_2\\Back\\src\\middlewares\\errorMiddleware.js","statementMap":{"0":{"start":{"line":1,"column":0},"end":{"line":10,"column":2}},"1":{"start":{"line":2,"column":17},"end":{"line":2,"column":36}},"2":{"start":{"line":3,"column":2},"end":{"line":6,"column":3}},"3":{"start":{"line":5,"column":4},"end":{"line":5,"column":25}},"4":{"start":{"line":7,"column":2},"end":{"line":9,"column":5}}},"fnMap":{"0":{"name":"(anonymous_0)","decl":{"start":{"line":1,"column":17},"end":{"line":1,"column":18}},"loc":{"start":{"line":1,"column":45},"end":{"line":10,"column":1}},"line":1}},"branchMap":{"0":{"loc":{"start":{"line":2,"column":17},"end":{"line":2,"column":36}},"type":"binary-expr","locations":[{"start":{"line":2,"column":17},"end":{"line":2,"column":29}},{"start":{"line":2,"column":33},"end":{"line":2,"column":36}}],"line":2},"1":{"loc":{"start":{"line":3,"column":2},"end":{"line":6,"column":3}},"type":"if","locations":[{"start":{"line":3,"column":2},"end":{"line":6,"column":3}},{"start":{},"end":{}}],"line":3},"2":{"loc":{"start":{"line":8,"column":11},"end":{"line":8,"column":56}},"type":"binary-expr","locations":[{"start":{"line":8,"column":11},"end":{"line":8,"column":24}},{"start":{"line":8,"column":28},"end":{"line":8,"column":56}}],"line":8}},"s":{"0":0,"1":0,"2":0,"3":0,"4":0},"f":{"0":0},"b":{"0":[0,0],"1":[0,0],"2":[0,0]}}
,"C:\\Users\\Nicolas\\OneDrive\\Documentos\\GitHub\\SOFTWARE_2\\Back\\src\\middlewares\\requireAdmin.js": {"path":"C:\\Users\\Nicolas\\OneDrive\\Documentos\\GitHub\\SOFTWARE_2\\Back\\src\\middlewares\\requireAdmin.js","statementMap":{"0":{"start":{"line":1,"column":20},"end":{"line":1,"column":54}},"1":{"start":{"line":3,"column":0},"end":{"line":17,"column":2}},"2":{"start":{"line":4,"column":2},"end":{"line":16,"column":3}},"3":{"start":{"line":5,"column":14},"end":{"line":5,"column":45}},"4":{"start":{"line":6,"column":18},"end":{"line":6,"column":61}},"5":{"start":{"line":7,"column":4},"end":{"line":7,"column":69}},"6":{"start":{"line":7,"column":16},"end":{"line":7,"column":69}},"7":{"start":{"line":8,"column":20},"end":{"line":8,"column":50}},"8":{"start":{"line":9,"column":4},"end":{"line":9,"column":80}},"9":{"start":{"line":9,"column":22},"end":{"line":9,"column":80}},"10":{"start":{"line":10,"column":4},"end":{"line":10,"column":28}},"11":{"start":{"line":11,"column":4},"end":{"line":11,"column":31}},"12":{"start":{"line":12,"column":4},"end":{"line":12,"column":88}},"13":{"start":{"line":12,"column":34},"end":{"line":12,"column":88}},"14":{"start":{"line":13,"column":4},"end":{"line":13,"column":11}},"15":{"start":{"line":15,"column":4},"end":{"line":15,"column":56}}},"fnMap":{"0":{"name":"requireAdmin","decl":{"start":{"line":3,"column":26},"end":{"line":3,"column":38}},"loc":{"start":{"line":3,"column":55},"end":{"line":17,"column":1}},"line":3}},"branchMap":{"0":{"loc":{"start":{"line":5,"column":14},"end":{"line":5,"column":45}},"type":"binary-expr","locations":[{"start":{"line":5,"column":14},"end":{"line":5,"column":39}},{"start":{"line":5,"column":43},"end":{"line":5,"column":45}}],"line":5},"1":{"loc":{"start":{"line":6,"column":18},"end":{"line":6,"column":61}},"type":"cond-expr","locations":[{"start":{"line":6,"column":44},"end":{"line":6,"column":54}},{"start":{"line":6,"column":57},"end":{"line":6,"column":61}}],"line":6},"2":{"loc":{"start":{"line":7,"column":4},"end":{"line":7,"column":69}},"type":"if","locations":[{"start":{"line":7,"column":4},"end":{"line":7,"column":69}},{"start":{},"end":{}}],"line":7},"3":{"loc":{"start":{"line":9,"column":4},"end":{"line":9,"column":80}},"type":"if","locations":[{"start":{"line":9,"column":4},"end":{"line":9,"column":80}},{"start":{},"end":{}}],"line":9},"4":{"loc":{"start":{"line":12,"column":4},"end":{"line":12,"column":88}},"type":"if","locations":[{"start":{"line":12,"column":4},"end":{"line":12,"column":88}},{"start":{},"end":{}}],"line":12}},"s":{"0":1,"1":1,"2":0,"3":0,"4":0,"5":0,"6":0,"7":0,"8":0,"9":0,"10":0,"11":0,"12":0,"13":0,"14":0,"15":0},"f":{"0":0},"b":{"0":[0,0],"1":[0,0],"2":[0,0],"3":[0,0],"4":[0,0]},"_coverageSchema":"1a1c01bbd47fc00a2c39e90264f33305004495a9","hash":"b4edc5617007d243a24ed4078177e0744e90d2ec"}
,"C:\\Users\\Nicolas\\OneDrive\\Documentos\\GitHub\\SOFTWARE_2\\Back\\src\\middlewares\\requireAuth.js": {"path":"C:\\Users\\Nicolas\\OneDrive\\Documentos\\GitHub\\SOFTWARE_2\\Back\\src\\middlewares\\requireAuth.js","statementMap":{"0":{"start":{"line":2,"column":0},"end":{"line":2,"column":27}},"1":{"start":{"line":3,"column":12},"end":{"line":3,"column":35}},"2":{"start":{"line":5,"column":0},"end":{"line":19,"column":2}},"3":{"start":{"line":6,"column":2},"end":{"line":18,"column":3}},"4":{"start":{"line":7,"column":14},"end":{"line":7,"column":45}},"5":{"start":{"line":8,"column":18},"end":{"line":8,"column":61}},"6":{"start":{"line":9,"column":4},"end":{"line":9,"column":69}},"7":{"start":{"line":9,"column":16},"end":{"line":9,"column":69}},"8":{"start":{"line":11,"column":20},"end":{"line":11,"column":61}},"9":{"start":{"line":12,"column":4},"end":{"line":12,"column":28}},"10":{"start":{"line":13,"column":4},"end":{"line":13,"column":61}},"11":{"start":{"line":14,"column":4},"end":{"line":14,"column":79}},"12":{"start":{"line":15,"column":4},"end":{"line":15,"column":11}},"13":{"start":{"line":17,"column":4},"end":{"line":17,"column":74}}},"fnMap":{"0":{"name":"requireAuth","decl":{"start":{"line":5,"column":26},"end":{"line":5,"column":37}},"loc":{"start":{"line":5,"column":54},"end":{"line":19,"column":1}},"line":5}},"branchMap":{"0":{"loc":{"start":{"line":7,"column":14},"end":{"line":7,"column":45}},"type":"binary-expr","locations":[{"start":{"line":7,"column":14},"end":{"line":7,"column":39}},{"start":{"line":7,"column":43},"end":{"line":7,"column":45}}],"line":7},"1":{"loc":{"start":{"line":8,"column":18},"end":{"line":8,"column":61}},"type":"cond-expr","locations":[{"start":{"line":8,"column":44},"end":{"line":8,"column":54}},{"start":{"line":8,"column":57},"end":{"line":8,"column":61}}],"line":8},"2":{"loc":{"start":{"line":9,"column":4},"end":{"line":9,"column":69}},"type":"if","locations":[{"start":{"line":9,"column":4},"end":{"line":9,"column":69}},{"start":{},"end":{}}],"line":9},"3":{"loc":{"start":{"line":13,"column":19},"end":{"line":13,"column":60}},"type":"binary-expr","locations":[{"start":{"line":13,"column":19},"end":{"line":13,"column":30}},{"start":{"line":13,"column":34},"end":{"line":13,"column":46}},{"start":{"line":13,"column":50},"end":{"line":13,"column":60}}],"line":13},"4":{"loc":{"start":{"line":17,"column":43},"end":{"line":17,"column":70}},"type":"binary-expr","locations":[{"start":{"line":17,"column":43},"end":{"line":17,"column":52}},{"start":{"line":17,"column":56},"end":{"line":17,"column":70}}],"line":17}},"s":{"0":1,"1":1,"2":1,"3":0,"4":0,"5":0,"6":0,"7":0,"8":0,"9":0,"10":0,"11":0,"12":0,"13":0},"f":{"0":0},"b":{"0":[0,0],"1":[0,0],"2":[0,0],"3":[0,0,0],"4":[0,0]},"_coverageSchema":"1a1c01bbd47fc00a2c39e90264f33305004495a9","hash":"ef6c7a360d52df9a577d4561125bf982b6122eff"}
,"C:\\Users\\Nicolas\\OneDrive\\Documentos\\GitHub\\SOFTWARE_2\\Back\\src\\middlewares\\roleMiddleware.js": {"path":"C:\\Users\\Nicolas\\OneDrive\\Documentos\\GitHub\\SOFTWARE_2\\Back\\src\\middlewares\\roleMiddleware.js","statementMap":{"0":{"start":{"line":1,"column":0},"end":{"line":13,"column":2}},"1":{"start":{"line":1,"column":40},"end":{"line":13,"column":1}},"2":{"start":{"line":2,"column":2},"end":{"line":6,"column":3}},"3":{"start":{"line":3,"column":18},"end":{"line":3,"column":54}},"4":{"start":{"line":4,"column":4},"end":{"line":4,"column":23}},"5":{"start":{"line":5,"column":4},"end":{"line":5,"column":23}},"6":{"start":{"line":7,"column":2},"end":{"line":11,"column":3}},"7":{"start":{"line":8,"column":18},"end":{"line":8,"column":74}},"8":{"start":{"line":9,"column":4},"end":{"line":9,"column":23}},"9":{"start":{"line":10,"column":4},"end":{"line":10,"column":23}},"10":{"start":{"line":12,"column":2},"end":{"line":12,"column":9}}},"fnMap":{"0":{"name":"(anonymous_0)","decl":{"start":{"line":1,"column":17},"end":{"line":1,"column":18}},"loc":{"start":{"line":1,"column":40},"end":{"line":13,"column":1}},"line":1},"1":{"name":"(anonymous_1)","decl":{"start":{"line":1,"column":40},"end":{"line":1,"column":41}},"loc":{"start":{"line":1,"column":60},"end":{"line":13,"column":1}},"line":1}},"branchMap":{"0":{"loc":{"start":{"line":1,"column":18},"end":{"line":1,"column":35}},"type":"default-arg","locations":[{"start":{"line":1,"column":33},"end":{"line":1,"column":35}}],"line":1},"1":{"loc":{"start":{"line":2,"column":2},"end":{"line":6,"column":3}},"type":"if","locations":[{"start":{"line":2,"column":2},"end":{"line":6,"column":3}},{"start":{},"end":{}}],"line":2},"2":{"loc":{"start":{"line":7,"column":2},"end":{"line":11,"column":3}},"type":"if","locations":[{"start":{"line":7,"column":2},"end":{"line":11,"column":3}},{"start":{},"end":{}}],"line":7},"3":{"loc":{"start":{"line":7,"column":6},"end":{"line":7,"column":65}},"type":"binary-expr","locations":[{"start":{"line":7,"column":6},"end":{"line":7,"column":25}},{"start":{"line":7,"column":29},"end":{"line":7,"column":65}}],"line":7}},"s":{"0":0,"1":0,"2":0,"3":0,"4":0,"5":0,"6":0,"7":0,"8":0,"9":0,"10":0},"f":{"0":0,"1":0},"b":{"0":[0],"1":[0,0],"2":[0,0],"3":[0,0]}}
,"C:\\Users\\Nicolas\\OneDrive\\Documentos\\GitHub\\SOFTWARE_2\\Back\\src\\models\\HistorialEstado.js": {"path":"C:\\Users\\Nicolas\\OneDrive\\Documentos\\GitHub\\SOFTWARE_2\\Back\\src\\models\\HistorialEstado.js","statementMap":{"0":{"start":{"line":1,"column":23},"end":{"line":1,"column":45}},"1":{"start":{"line":11,"column":4},"end":{"line":11,"column":17}},"2":{"start":{"line":12,"column":4},"end":{"line":12,"column":27}},"3":{"start":{"line":13,"column":4},"end":{"line":13,"column":25}},"4":{"start":{"line":14,"column":4},"end":{"line":14,"column":35}},"5":{"start":{"line":15,"column":4},"end":{"line":15,"column":61}},"6":{"start":{"line":19,"column":4},"end":{"line":25,"column":6}},"7":{"start":{"line":29,"column":0},"end":{"line":29,"column":33}}},"fnMap":{"0":{"name":"(anonymous_0)","decl":{"start":{"line":4,"column":2},"end":{"line":4,"column":3}},"loc":{"start":{"line":10,"column":5},"end":{"line":16,"column":3}},"line":10},"1":{"name":"(anonymous_1)","decl":{"start":{"line":18,"column":2},"end":{"line":18,"column":3}},"loc":{"start":{"line":18,"column":11},"end":{"line":26,"column":3}},"line":18}},"branchMap":{"0":{"loc":{"start":{"line":5,"column":4},"end":{"line":5,"column":32}},"type":"default-arg","locations":[{"start":{"line":5,"column":9},"end":{"line":5,"column":32}}],"line":5},"1":{"loc":{"start":{"line":8,"column":4},"end":{"line":8,"column":20}},"type":"default-arg","locations":[{"start":{"line":8,"column":18},"end":{"line":8,"column":20}}],"line":8},"2":{"loc":{"start":{"line":9,"column":4},"end":{"line":9,"column":21}},"type":"default-arg","locations":[{"start":{"line":9,"column":11},"end":{"line":9,"column":21}}],"line":9},"3":{"loc":{"start":{"line":15,"column":16},"end":{"line":15,"column":60}},"type":"cond-expr","locations":[{"start":{"line":15,"column":39},"end":{"line":15,"column":43}},{"start":{"line":15,"column":46},"end":{"line":15,"column":60}}],"line":15}},"s":{"0":1,"1":0,"2":0,"3":0,"4":0,"5":0,"6":0,"7":1},"f":{"0":0,"1":0},"b":{"0":[0],"1":[0],"2":[0],"3":[0,0]},"_coverageSchema":"1a1c01bbd47fc00a2c39e90264f33305004495a9","hash":"475aef3c22579d6367ff3200f2c48b426db2e02e"}
,"C:\\Users\\Nicolas\\OneDrive\\Documentos\\GitHub\\SOFTWARE_2\\Back\\src\\models\\Orden.js": {"path":"C:\\Users\\Nicolas\\OneDrive\\Documentos\\GitHub\\SOFTWARE_2\\Back\\src\\models\\Orden.js","statementMap":{"0":{"start":{"line":1,"column":23},"end":{"line":1,"column":45}},"1":{"start":{"line":2,"column":25},"end":{"line":2,"column":60}},"2":{"start":{"line":18,"column":4},"end":{"line":18,"column":17}},"3":{"start":{"line":19,"column":4},"end":{"line":19,"column":29}},"4":{"start":{"line":20,"column":4},"end":{"line":20,"column":65}},"5":{"start":{"line":21,"column":4},"end":{"line":21,"column":61}},"6":{"start":{"line":22,"column":4},"end":{"line":22,"column":25}},"7":{"start":{"line":23,"column":4},"end":{"line":23,"column":29}},"8":{"start":{"line":24,"column":4},"end":{"line":24,"column":41}},"9":{"start":{"line":25,"column":4},"end":{"line":25,"column":29}},"10":{"start":{"line":26,"column":4},"end":{"line":26,"column":31}},"11":{"start":{"line":27,"column":4},"end":{"line":27,"column":45}},"12":{"start":{"line":28,"column":4},"end":{"line":28,"column":35}},"13":{"start":{"line":29,"column":4},"end":{"line":29,"column":20}},"14":{"start":{"line":30,"column":4},"end":{"line":30,"column":19}},"15":{"start":{"line":31,"column":4},"end":{"line":31,"column":24}},"16":{"start":{"line":32,"column":4},"end":{"line":32,"column":32}},"17":{"start":{"line":36,"column":4},"end":{"line":36,"column":34}},"18":{"start":{"line":37,"column":4},"end":{"line":37,"column":75}},"19":{"start":{"line":41,"column":4},"end":{"line":41,"column":35}},"20":{"start":{"line":42,"column":4},"end":{"line":42,"column":35}},"21":{"start":{"line":46,"column":4},"end":{"line":58,"column":6}},"22":{"start":{"line":62,"column":0},"end":{"line":62,"column":23}}},"fnMap":{"0":{"name":"(anonymous_0)","decl":{"start":{"line":5,"column":2},"end":{"line":5,"column":3}},"loc":{"start":{"line":17,"column":5},"end":{"line":33,"column":3}},"line":17},"1":{"name":"(anonymous_1)","decl":{"start":{"line":35,"column":2},"end":{"line":35,"column":3}},"loc":{"start":{"line":35,"column":24},"end":{"line":38,"column":3}},"line":35},"2":{"name":"(anonymous_2)","decl":{"start":{"line":40,"column":2},"end":{"line":40,"column":3}},"loc":{"start":{"line":40,"column":26},"end":{"line":43,"column":3}},"line":40},"3":{"name":"(anonymous_3)","decl":{"start":{"line":45,"column":2},"end":{"line":45,"column":3}},"loc":{"start":{"line":45,"column":11},"end":{"line":59,"column":3}},"line":45}},"branchMap":{"0":{"loc":{"start":{"line":6,"column":4},"end":{"line":6,"column":27}},"type":"default-arg","locations":[{"start":{"line":6,"column":9},"end":{"line":6,"column":27}}],"line":6},"1":{"loc":{"start":{"line":7,"column":4},"end":{"line":7,"column":33}},"type":"default-arg","locations":[{"start":{"line":7,"column":15},"end":{"line":7,"column":33}}],"line":7},"2":{"loc":{"start":{"line":8,"column":4},"end":{"line":8,"column":22}},"type":"default-arg","locations":[{"start":{"line":8,"column":12},"end":{"line":8,"column":22}}],"line":8},"3":{"loc":{"start":{"line":9,"column":4},"end":{"line":9,"column":21}},"type":"default-arg","locations":[{"start":{"line":9,"column":11},"end":{"line":9,"column":21}}],"line":9},"4":{"loc":{"start":{"line":10,"column":4},"end":{"line":10,"column":33}},"type":"default-arg","locations":[{"start":{"line":10,"column":13},"end":{"line":10,"column":33}}],"line":10},"5":{"loc":{"start":{"line":11,"column":4},"end":{"line":11,"column":20}},"type":"default-arg","locations":[{"start":{"line":11,"column":15},"end":{"line":11,"column":20}}],"line":11},"6":{"loc":{"start":{"line":12,"column":4},"end":{"line":12,"column":25}},"type":"default-arg","locations":[{"start":{"line":12,"column":21},"end":{"line":12,"column":25}}],"line":12},"7":{"loc":{"start":{"line":14,"column":4},"end":{"line":14,"column":20}},"type":"default-arg","locations":[{"start":{"line":14,"column":16},"end":{"line":14,"column":20}}],"line":14},"8":{"loc":{"start":{"line":15,"column":4},"end":{"line":15,"column":25}},"type":"default-arg","locations":[{"start":{"line":15,"column":23},"end":{"line":15,"column":25}}],"line":15},"9":{"loc":{"start":{"line":16,"column":4},"end":{"line":16,"column":20}},"type":"default-arg","locations":[{"start":{"line":16,"column":18},"end":{"line":16,"column":20}}],"line":16},"10":{"loc":{"start":{"line":20,"column":17},"end":{"line":20,"column":64}},"type":"cond-expr","locations":[{"start":{"line":20,"column":41},"end":{"line":20,"column":46}},{"start":{"line":20,"column":49},"end":{"line":20,"column":64}}],"line":20},"11":{"loc":{"start":{"line":21,"column":16},"end":{"line":21,"column":60}},"type":"cond-expr","locations":[{"start":{"line":21,"column":39},"end":{"line":21,"column":43}},{"start":{"line":21,"column":46},"end":{"line":21,"column":60}}],"line":21}},"s":{"0":1,"1":1,"2":0,"3":0,"4":0,"5":0,"6":0,"7":0,"8":0,"9":0,"10":0,"11":0,"12":0,"13":0,"14":0,"15":0,"16":0,"17":0,"18":0,"19":0,"20":0,"21":0,"22":1},"f":{"0":0,"1":0,"2":0,"3":0},"b":{"0":[0],"1":[0],"2":[0],"3":[0],"4":[0],"5":[0],"6":[0],"7":[0],"8":[0],"9":[0],"10":[0,0],"11":[0,0]},"_coverageSchema":"1a1c01bbd47fc00a2c39e90264f33305004495a9","hash":"6a87d504a1fe54d62678fe9531e98130d5d61099"}
,"C:\\Users\\Nicolas\\OneDrive\\Documentos\\GitHub\\SOFTWARE_2\\Back\\src\\models\\OrdenProducto.js": {"path":"C:\\Users\\Nicolas\\OneDrive\\Documentos\\GitHub\\SOFTWARE_2\\Back\\src\\models\\OrdenProducto.js","statementMap":{"0":{"start":{"line":1,"column":23},"end":{"line":1,"column":45}},"1":{"start":{"line":11,"column":4},"end":{"line":11,"column":17}},"2":{"start":{"line":12,"column":4},"end":{"line":12,"column":27}},"3":{"start":{"line":13,"column":4},"end":{"line":13,"column":33}},"4":{"start":{"line":14,"column":4},"end":{"line":14,"column":42}},"5":{"start":{"line":15,"column":4},"end":{"line":15,"column":49}},"6":{"start":{"line":19,"column":4},"end":{"line":19,"column":47}},"7":{"start":{"line":23,"column":4},"end":{"line":28,"column":6}},"8":{"start":{"line":32,"column":0},"end":{"line":32,"column":31}}},"fnMap":{"0":{"name":"(anonymous_0)","decl":{"start":{"line":4,"column":2},"end":{"line":4,"column":3}},"loc":{"start":{"line":10,"column":5},"end":{"line":16,"column":3}},"line":10},"1":{"name":"(anonymous_1)","decl":{"start":{"line":18,"column":2},"end":{"line":18,"column":3}},"loc":{"start":{"line":18,"column":13},"end":{"line":20,"column":3}},"line":18},"2":{"name":"(anonymous_2)","decl":{"start":{"line":22,"column":2},"end":{"line":22,"column":3}},"loc":{"start":{"line":22,"column":11},"end":{"line":29,"column":3}},"line":22}},"branchMap":{"0":{"loc":{"start":{"line":5,"column":4},"end":{"line":5,"column":32}},"type":"default-arg","locations":[{"start":{"line":5,"column":9},"end":{"line":5,"column":32}}],"line":5},"1":{"loc":{"start":{"line":14,"column":20},"end":{"line":14,"column":41}},"type":"binary-expr","locations":[{"start":{"line":14,"column":20},"end":{"line":14,"column":36}},{"start":{"line":14,"column":40},"end":{"line":14,"column":41}}],"line":14}},"s":{"0":1,"1":0,"2":0,"3":0,"4":0,"5":0,"6":0,"7":0,"8":1},"f":{"0":0,"1":0,"2":0},"b":{"0":[0],"1":[0,0]},"_coverageSchema":"1a1c01bbd47fc00a2c39e90264f33305004495a9","hash":"ccd233dc0f608d75b64a6d3d1b3f1cd04e80b0dd"}
,"C:\\Users\\Nicolas\\OneDrive\\Documentos\\GitHub\\SOFTWARE_2\\Back\\src\\models\\OrdenUsuario.js": {"path":"C:\\Users\\Nicolas\\OneDrive\\Documentos\\GitHub\\SOFTWARE_2\\Back\\src\\models\\OrdenUsuario.js","statementMap":{"0":{"start":{"line":1,"column":23},"end":{"line":1,"column":45}},"1":{"start":{"line":11,"column":4},"end":{"line":11,"column":17}},"2":{"start":{"line":12,"column":4},"end":{"line":12,"column":27}},"3":{"start":{"line":13,"column":4},"end":{"line":13,"column":31}},"4":{"start":{"line":14,"column":4},"end":{"line":14,"column":39}},"5":{"start":{"line":15,"column":4},"end":{"line":15,"column":37}},"6":{"start":{"line":19,"column":4},"end":{"line":19,"column":68}},"7":{"start":{"line":23,"column":0},"end":{"line":23,"column":30}}},"fnMap":{"0":{"name":"(anonymous_0)","decl":{"start":{"line":4,"column":2},"end":{"line":4,"column":3}},"loc":{"start":{"line":10,"column":5},"end":{"line":16,"column":3}},"line":10},"1":{"name":"(anonymous_1)","decl":{"start":{"line":18,"column":2},"end":{"line":18,"column":3}},"loc":{"start":{"line":18,"column":30},"end":{"line":20,"column":3}},"line":18}},"branchMap":{"0":{"loc":{"start":{"line":5,"column":4},"end":{"line":5,"column":31}},"type":"default-arg","locations":[{"start":{"line":5,"column":9},"end":{"line":5,"column":31}}],"line":5},"1":{"loc":{"start":{"line":8,"column":4},"end":{"line":8,"column":25}},"type":"default-arg","locations":[{"start":{"line":8,"column":20},"end":{"line":8,"column":25}}],"line":8},"2":{"loc":{"start":{"line":9,"column":4},"end":{"line":9,"column":24}},"type":"default-arg","locations":[{"start":{"line":9,"column":19},"end":{"line":9,"column":24}}],"line":9},"3":{"loc":{"start":{"line":19,"column":11},"end":{"line":19,"column":67}},"type":"binary-expr","locations":[{"start":{"line":19,"column":11},"end":{"line":19,"column":35}},{"start":{"line":19,"column":39},"end":{"line":19,"column":67}}],"line":19}},"s":{"0":1,"1":0,"2":0,"3":0,"4":0,"5":0,"6":0,"7":1},"f":{"0":0,"1":0},"b":{"0":[0],"1":[0],"2":[0],"3":[0,0]},"_coverageSchema":"1a1c01bbd47fc00a2c39e90264f33305004495a9","hash":"ca03e3c70e07b42bbdea56f2aa622271941637f6"}
,"C:\\Users\\Nicolas\\OneDrive\\Documentos\\GitHub\\SOFTWARE_2\\Back\\src\\models\\Producto.js": {"path":"C:\\Users\\Nicolas\\OneDrive\\Documentos\\GitHub\\SOFTWARE_2\\Back\\src\\models\\Producto.js","statementMap":{"0":{"start":{"line":1,"column":23},"end":{"line":1,"column":45}},"1":{"start":{"line":12,"column":4},"end":{"line":12,"column":17}},"2":{"start":{"line":13,"column":4},"end":{"line":13,"column":25}},"3":{"start":{"line":14,"column":4},"end":{"line":14,"column":35}},"4":{"start":{"line":15,"column":4},"end":{"line":15,"column":21}},"5":{"start":{"line":16,"column":4},"end":{"line":16,"column":29}},"6":{"start":{"line":17,"column":4},"end":{"line":17,"column":33}},"7":{"start":{"line":21,"column":4},"end":{"line":28,"column":6}},"8":{"start":{"line":32,"column":0},"end":{"line":32,"column":26}}},"fnMap":{"0":{"name":"(anonymous_0)","decl":{"start":{"line":4,"column":2},"end":{"line":4,"column":3}},"loc":{"start":{"line":11,"column":5},"end":{"line":18,"column":3}},"line":11},"1":{"name":"(anonymous_1)","decl":{"start":{"line":20,"column":2},"end":{"line":20,"column":3}},"loc":{"start":{"line":20,"column":11},"end":{"line":29,"column":3}},"line":20}},"branchMap":{"0":{"loc":{"start":{"line":5,"column":4},"end":{"line":5,"column":27}},"type":"default-arg","locations":[{"start":{"line":5,"column":9},"end":{"line":5,"column":27}}],"line":5},"1":{"loc":{"start":{"line":7,"column":4},"end":{"line":7,"column":20}},"type":"default-arg","locations":[{"start":{"line":7,"column":18},"end":{"line":7,"column":20}}],"line":7},"2":{"loc":{"start":{"line":8,"column":4},"end":{"line":8,"column":15}},"type":"default-arg","locations":[{"start":{"line":8,"column":11},"end":{"line":8,"column":15}}],"line":8}},"s":{"0":0,"1":0,"2":0,"3":0,"4":0,"5":0,"6":0,"7":0,"8":0},"f":{"0":0,"1":0},"b":{"0":[0],"1":[0],"2":[0]}}
,"C:\\Users\\Nicolas\\OneDrive\\Documentos\\GitHub\\SOFTWARE_2\\Back\\src\\models\\Tarjeta.js": {"path":"C:\\Users\\Nicolas\\OneDrive\\Documentos\\GitHub\\SOFTWARE_2\\Back\\src\\models\\Tarjeta.js","statementMap":{"0":{"start":{"line":1,"column":23},"end":{"line":1,"column":45}},"1":{"start":{"line":12,"column":4},"end":{"line":12,"column":17}},"2":{"start":{"line":13,"column":4},"end":{"line":13,"column":47}},"3":{"start":{"line":14,"column":4},"end":{"line":14,"column":89}},"4":{"start":{"line":15,"column":4},"end":{"line":15,"column":27}},"5":{"start":{"line":16,"column":4},"end":{"line":16,"column":25}},"6":{"start":{"line":17,"column":4},"end":{"line":17,"column":21}},"7":{"start":{"line":18,"column":4},"end":{"line":18,"column":28}},"8":{"start":{"line":22,"column":4},"end":{"line":22,"column":27}},"9":{"start":{"line":26,"column":4},"end":{"line":28,"column":5}},"10":{"start":{"line":27,"column":6},"end":{"line":27,"column":19}},"11":{"start":{"line":29,"column":4},"end":{"line":29,"column":44}},"12":{"start":{"line":33,"column":19},"end":{"line":33,"column":56}},"13":{"start":{"line":34,"column":4},"end":{"line":36,"column":5}},"14":{"start":{"line":35,"column":6},"end":{"line":35,"column":20}},"15":{"start":{"line":37,"column":20},"end":{"line":37,"column":36}},"16":{"start":{"line":38,"column":4},"end":{"line":38,"column":48}},"17":{"start":{"line":42,"column":4},"end":{"line":49,"column":6}},"18":{"start":{"line":53,"column":0},"end":{"line":53,"column":25}}},"fnMap":{"0":{"name":"(anonymous_0)","decl":{"start":{"line":4,"column":2},"end":{"line":4,"column":3}},"loc":{"start":{"line":11,"column":5},"end":{"line":19,"column":3}},"line":11},"1":{"name":"(anonymous_1)","decl":{"start":{"line":21,"column":2},"end":{"line":21,"column":3}},"loc":{"start":{"line":21,"column":19},"end":{"line":23,"column":3}},"line":21},"2":{"name":"(anonymous_2)","decl":{"start":{"line":25,"column":2},"end":{"line":25,"column":3}},"loc":{"start":{"line":25,"column":40},"end":{"line":30,"column":3}},"line":25},"3":{"name":"(anonymous_3)","decl":{"start":{"line":32,"column":2},"end":{"line":32,"column":3}},"loc":{"start":{"line":32,"column":20},"end":{"line":39,"column":3}},"line":32},"4":{"name":"(anonymous_4)","decl":{"start":{"line":41,"column":2},"end":{"line":41,"column":3}},"loc":{"start":{"line":41,"column":11},"end":{"line":50,"column":3}},"line":41}},"branchMap":{"0":{"loc":{"start":{"line":5,"column":4},"end":{"line":5,"column":28}},"type":"default-arg","locations":[{"start":{"line":5,"column":9},"end":{"line":5,"column":28}}],"line":5},"1":{"loc":{"start":{"line":9,"column":4},"end":{"line":9,"column":15}},"type":"default-arg","locations":[{"start":{"line":9,"column":13},"end":{"line":9,"column":15}}],"line":9},"2":{"loc":{"start":{"line":10,"column":4},"end":{"line":10,"column":15}},"type":"default-arg","locations":[{"start":{"line":10,"column":11},"end":{"line":10,"column":15}}],"line":10},"3":{"loc":{"start":{"line":14,"column":23},"end":{"line":14,"column":88}},"type":"cond-expr","locations":[{"start":{"line":14,"column":53},"end":{"line":14,"column":64}},{"start":{"line":14,"column":67},"end":{"line":14,"column":88}}],"line":14},"4":{"loc":{"start":{"line":25,"column":12},"end":{"line":25,"column":38}},"type":"default-arg","locations":[{"start":{"line":25,"column":28},"end":{"line":25,"column":38}}],"line":25},"5":{"loc":{"start":{"line":26,"column":4},"end":{"line":28,"column":5}},"type":"if","locations":[{"start":{"line":26,"column":4},"end":{"line":28,"column":5}},{"start":{},"end":{}}],"line":26},"6":{"loc":{"start":{"line":34,"column":4},"end":{"line":36,"column":5}},"type":"if","locations":[{"start":{"line":34,"column":4},"end":{"line":36,"column":5}},{"start":{},"end":{}}],"line":34}},"s":{"0":1,"1":0,"2":0,"3":0,"4":0,"5":0,"6":0,"7":0,"8":0,"9":0,"10":0,"11":0,"12":0,"13":0,"14":0,"15":0,"16":0,"17":0,"18":1},"f":{"0":0,"1":0,"2":0,"3":0,"4":0},"b":{"0":[0],"1":[0],"2":[0],"3":[0,0],"4":[0],"5":[0,0],"6":[0,0]},"_coverageSchema":"1a1c01bbd47fc00a2c39e90264f33305004495a9","hash":"15cf06b2a593b6de3066ec5b85073a26dbe59444"}
,"C:\\Users\\Nicolas\\OneDrive\\Documentos\\GitHub\\SOFTWARE_2\\Back\\src\\models\\Tienda.js": {"path":"C:\\Users\\Nicolas\\OneDrive\\Documentos\\GitHub\\SOFTWARE_2\\Back\\src\\models\\Tienda.js","statementMap":{"0":{"start":{"line":1,"column":23},"end":{"line":1,"column":45}},"1":{"start":{"line":9,"column":4},"end":{"line":9,"column":17}},"2":{"start":{"line":10,"column":4},"end":{"line":10,"column":37}},"3":{"start":{"line":11,"column":4},"end":{"line":11,"column":21}},"4":{"start":{"line":12,"column":4},"end":{"line":12,"column":31}},"5":{"start":{"line":16,"column":4},"end":{"line":16,"column":35}},"6":{"start":{"line":20,"column":4},"end":{"line":20,"column":38}},"7":{"start":{"line":24,"column":4},"end":{"line":28,"column":6}},"8":{"start":{"line":32,"column":0},"end":{"line":32,"column":24}}},"fnMap":{"0":{"name":"(anonymous_0)","decl":{"start":{"line":4,"column":2},"end":{"line":4,"column":3}},"loc":{"start":{"line":8,"column":5},"end":{"line":13,"column":3}},"line":8},"1":{"name":"(anonymous_1)","decl":{"start":{"line":15,"column":2},"end":{"line":15,"column":3}},"loc":{"start":{"line":15,"column":30},"end":{"line":17,"column":3}},"line":15},"2":{"name":"(anonymous_2)","decl":{"start":{"line":19,"column":2},"end":{"line":19,"column":3}},"loc":{"start":{"line":19,"column":31},"end":{"line":21,"column":3}},"line":19},"3":{"name":"(anonymous_3)","decl":{"start":{"line":23,"column":2},"end":{"line":23,"column":3}},"loc":{"start":{"line":23,"column":11},"end":{"line":29,"column":3}},"line":23}},"branchMap":{"0":{"loc":{"start":{"line":5,"column":4},"end":{"line":5,"column":29}},"type":"default-arg","locations":[{"start":{"line":5,"column":9},"end":{"line":5,"column":29}}],"line":5},"1":{"loc":{"start":{"line":7,"column":4},"end":{"line":7,"column":15}},"type":"default-arg","locations":[{"start":{"line":7,"column":11},"end":{"line":7,"column":15}}],"line":7}},"s":{"0":0,"1":0,"2":0,"3":0,"4":0,"5":0,"6":0,"7":0,"8":0},"f":{"0":0,"1":0,"2":0,"3":0},"b":{"0":[0],"1":[0]}}
,"C:\\Users\\Nicolas\\OneDrive\\Documentos\\GitHub\\SOFTWARE_2\\Back\\src\\models\\Usuario.js": {"path":"C:\\Users\\Nicolas\\OneDrive\\Documentos\\GitHub\\SOFTWARE_2\\Back\\src\\models\\Usuario.js","statementMap":{"0":{"start":{"line":1,"column":15},"end":{"line":1,"column":32}},"1":{"start":{"line":2,"column":23},"end":{"line":2,"column":45}},"2":{"start":{"line":15,"column":4},"end":{"line":15,"column":17}},"3":{"start":{"line":16,"column":4},"end":{"line":16,"column":39}},"4":{"start":{"line":17,"column":4},"end":{"line":17,"column":39}},"5":{"start":{"line":18,"column":4},"end":{"line":18,"column":27}},"6":{"start":{"line":19,"column":4},"end":{"line":19,"column":37}},"7":{"start":{"line":20,"column":4},"end":{"line":20,"column":21}},"8":{"start":{"line":21,"column":4},"end":{"line":21,"column":19}},"9":{"start":{"line":22,"column":4},"end":{"line":22,"column":38}},"10":{"start":{"line":23,"column":4},"end":{"line":23,"column":29}},"11":{"start":{"line":24,"column":4},"end":{"line":24,"column":30}},"12":{"start":{"line":25,"column":4},"end":{"line":25,"column":23}},"13":{"start":{"line":29,"column":25},"end":{"line":29,"column":56}},"14":{"start":{"line":30,"column":4},"end":{"line":30,"column":50}},"15":{"start":{"line":34,"column":20},"end":{"line":34,"column":58}},"16":{"start":{"line":35,"column":4},"end":{"line":37,"column":5}},"17":{"start":{"line":36,"column":6},"end":{"line":36,"column":19}},"18":{"start":{"line":38,"column":4},"end":{"line":38,"column":59}},"19":{"start":{"line":39,"column":4},"end":{"line":39,"column":16}},"20":{"start":{"line":43,"column":4},"end":{"line":45,"column":5}},"21":{"start":{"line":44,"column":6},"end":{"line":44,"column":19}},"22":{"start":{"line":46,"column":4},"end":{"line":46,"column":55}},"23":{"start":{"line":50,"column":4},"end":{"line":50,"column":23}},"24":{"start":{"line":54,"column":4},"end":{"line":54,"column":24}},"25":{"start":{"line":58,"column":4},"end":{"line":58,"column":24}},"26":{"start":{"line":62,"column":4},"end":{"line":62,"column":19}},"27":{"start":{"line":66,"column":4},"end":{"line":66,"column":30}},"28":{"start":{"line":70,"column":4},"end":{"line":70,"column":33}},"29":{"start":{"line":74,"column":4},"end":{"line":74,"column":36}},"30":{"start":{"line":78,"column":4},"end":{"line":86,"column":6}},"31":{"start":{"line":90,"column":0},"end":{"line":90,"column":25}}},"fnMap":{"0":{"name":"(anonymous_0)","decl":{"start":{"line":5,"column":2},"end":{"line":5,"column":3}},"loc":{"start":{"line":14,"column":5},"end":{"line":26,"column":3}},"line":14},"1":{"name":"(anonymous_1)","decl":{"start":{"line":28,"column":2},"end":{"line":28,"column":3}},"loc":{"start":{"line":28,"column":57},"end":{"line":31,"column":3}},"line":28},"2":{"name":"(anonymous_2)","decl":{"start":{"line":33,"column":2},"end":{"line":33,"column":3}},"loc":{"start":{"line":33,"column":49},"end":{"line":40,"column":3}},"line":33},"3":{"name":"(anonymous_3)","decl":{"start":{"line":42,"column":2},"end":{"line":42,"column":3}},"loc":{"start":{"line":42,"column":33},"end":{"line":47,"column":3}},"line":42},"4":{"name":"(anonymous_4)","decl":{"start":{"line":49,"column":2},"end":{"line":49,"column":3}},"loc":{"start":{"line":49,"column":18},"end":{"line":51,"column":3}},"line":49},"5":{"name":"(anonymous_5)","decl":{"start":{"line":53,"column":2},"end":{"line":53,"column":3}},"loc":{"start":{"line":53,"column":17},"end":{"line":55,"column":3}},"line":53},"6":{"name":"(anonymous_6)","decl":{"start":{"line":57,"column":2},"end":{"line":57,"column":3}},"loc":{"start":{"line":57,"column":24},"end":{"line":59,"column":3}},"line":57},"7":{"name":"(anonymous_7)","decl":{"start":{"line":61,"column":2},"end":{"line":61,"column":3}},"loc":{"start":{"line":61,"column":15},"end":{"line":63,"column":3}},"line":61},"8":{"name":"(anonymous_8)","decl":{"start":{"line":65,"column":2},"end":{"line":65,"column":3}},"loc":{"start":{"line":65,"column":24},"end":{"line":67,"column":3}},"line":65},"9":{"name":"(anonymous_9)","decl":{"start":{"line":69,"column":2},"end":{"line":69,"column":3}},"loc":{"start":{"line":69,"column":28},"end":{"line":71,"column":3}},"line":69},"10":{"name":"(anonymous_10)","decl":{"start":{"line":73,"column":2},"end":{"line":73,"column":3}},"loc":{"start":{"line":73,"column":28},"end":{"line":75,"column":3}},"line":73},"11":{"name":"(anonymous_11)","decl":{"start":{"line":77,"column":2},"end":{"line":77,"column":3}},"loc":{"start":{"line":77,"column":17},"end":{"line":87,"column":3}},"line":77}},"branchMap":{"0":{"loc":{"start":{"line":6,"column":4},"end":{"line":6,"column":27}},"type":"default-arg","locations":[{"start":{"line":6,"column":9},"end":{"line":6,"column":27}}],"line":6},"1":{"loc":{"start":{"line":9,"column":4},"end":{"line":9,"column":16}},"type":"default-arg","locations":[{"start":{"line":9,"column":14},"end":{"line":9,"column":16}}],"line":9},"2":{"loc":{"start":{"line":11,"column":4},"end":{"line":11,"column":15}},"type":"default-arg","locations":[{"start":{"line":11,"column":11},"end":{"line":11,"column":15}}],"line":11},"3":{"loc":{"start":{"line":12,"column":4},"end":{"line":12,"column":20}},"type":"default-arg","locations":[{"start":{"line":12,"column":10},"end":{"line":12,"column":20}}],"line":12},"4":{"loc":{"start":{"line":13,"column":4},"end":{"line":13,"column":20}},"type":"default-arg","locations":[{"start":{"line":13,"column":15},"end":{"line":13,"column":20}}],"line":13},"5":{"loc":{"start":{"line":35,"column":4},"end":{"line":37,"column":5}},"type":"if","locations":[{"start":{"line":35,"column":4},"end":{"line":37,"column":5}},{"start":{},"end":{}}],"line":35},"6":{"loc":{"start":{"line":43,"column":4},"end":{"line":45,"column":5}},"type":"if","locations":[{"start":{"line":43,"column":4},"end":{"line":45,"column":5}},{"start":{},"end":{}}],"line":43}},"s":{"0":1,"1":1,"2":0,"3":0,"4":0,"5":0,"6":0,"7":0,"8":0,"9":0,"10":0,"11":0,"12":0,"13":0,"14":0,"15":0,"16":0,"17":0,"18":0,"19":0,"20":0,"21":0,"22":0,"23":0,"24":0,"25":0,"26":0,"27":0,"28":0,"29":0,"30":0,"31":1},"f":{"0":0,"1":0,"2":0,"3":0,"4":0,"5":0,"6":0,"7":0,"8":0,"9":0,"10":0,"11":0},"b":{"0":[0],"1":[0],"2":[0],"3":[0],"4":[0],"5":[0,0],"6":[0,0]},"_coverageSchema":"1a1c01bbd47fc00a2c39e90264f33305004495a9","hash":"65fddbf1a7e7e8eac4773f97ba7cced00cfcecdc"}
,"C:\\Users\\Nicolas\\OneDrive\\Documentos\\GitHub\\SOFTWARE_2\\Back\\src\\routes\\authRoutes.js": {"path":"C:\\Users\\Nicolas\\OneDrive\\Documentos\\GitHub\\SOFTWARE_2\\Back\\src\\routes\\authRoutes.js","statementMap":{"0":{"start":{"line":1,"column":16},"end":{"line":1,"column":34}},"1":{"start":{"line":2,"column":23},"end":{"line":2,"column":63}},"2":{"start":{"line":4,"column":15},"end":{"line":4,"column":31}},"3":{"start":{"line":6,"column":0},"end":{"line":6,"column":50}},"4":{"start":{"line":7,"column":0},"end":{"line":7,"column":44}},"5":{"start":{"line":9,"column":0},"end":{"line":9,"column":24}}},"fnMap":{},"branchMap":{},"s":{"0":1,"1":1,"2":1,"3":1,"4":1,"5":1},"f":{},"b":{},"_coverageSchema":"1a1c01bbd47fc00a2c39e90264f33305004495a9","hash":"0bf6dadfe2a4d1ade44cfbd2eb96a27b0c2d116d"}
,"C:\\Users\\Nicolas\\OneDrive\\Documentos\\GitHub\\SOFTWARE_2\\Back\\src\\routes\\catalogRoutes.js": {"path":"C:\\Users\\Nicolas\\OneDrive\\Documentos\\GitHub\\SOFTWARE_2\\Back\\src\\routes\\catalogRoutes.js","statementMap":{"0":{"start":{"line":1,"column":15},"end":{"line":1,"column":42}},"1":{"start":{"line":2,"column":20},"end":{"line":2,"column":57}},"2":{"start":{"line":3,"column":21},"end":{"line":3,"column":48}},"3":{"start":{"line":5,"column":12},"end":{"line":5,"column":53}},"4":{"start":{"line":5,"column":27},"end":{"line":5,"column":52}},"5":{"start":{"line":7,"column":0},"end":{"line":44,"column":3}},"6":{"start":{"line":8,"column":2},"end":{"line":43,"column":3}},"7":{"start":{"line":9,"column":29},"end":{"line":9,"column":43}},"8":{"start":{"line":10,"column":4},"end":{"line":12,"column":5}},"9":{"start":{"line":11,"column":6},"end":{"line":11,"column":68}},"10":{"start":{"line":15,"column":19},"end":{"line":20,"column":7}},"11":{"start":{"line":15,"column":37},"end":{"line":20,"column":5}},"12":{"start":{"line":21,"column":26},"end":{"line":21,"column":93}},"13":{"start":{"line":22,"column":4},"end":{"line":22,"column":65}},"14":{"start":{"line":22,"column":12},"end":{"line":22,"column":65}},"15":{"start":{"line":25,"column":21},"end":{"line":34,"column":5}},"16":{"start":{"line":26,"column":6},"end":{"line":33,"column":9}},"17":{"start":{"line":26,"column":35},"end":{"line":33,"column":7}},"18":{"start":{"line":35,"column":4},"end":{"line":38,"column":5}},"19":{"start":{"line":36,"column":28},"end":{"line":36,"column":99}},"20":{"start":{"line":37,"column":6},"end":{"line":37,"column":67}},"21":{"start":{"line":37,"column":14},"end":{"line":37,"column":67}},"22":{"start":{"line":40,"column":4},"end":{"line":40,"column":77}},"23":{"start":{"line":42,"column":4},"end":{"line":42,"column":67}},"24":{"start":{"line":46,"column":0},"end":{"line":46,"column":24}}},"fnMap":{"0":{"name":"(anonymous_0)","decl":{"start":{"line":5,"column":12},"end":{"line":5,"column":13}},"loc":{"start":{"line":5,"column":27},"end":{"line":5,"column":52}},"line":5},"1":{"name":"(anonymous_1)","decl":{"start":{"line":7,"column":34},"end":{"line":7,"column":35}},"loc":{"start":{"line":7,"column":54},"end":{"line":44,"column":1}},"line":7},"2":{"name":"(anonymous_2)","decl":{"start":{"line":15,"column":31},"end":{"line":15,"column":32}},"loc":{"start":{"line":15,"column":37},"end":{"line":20,"column":5}},"line":15},"3":{"name":"(anonymous_3)","decl":{"start":{"line":25,"column":37},"end":{"line":25,"column":38}},"loc":{"start":{"line":26,"column":6},"end":{"line":33,"column":9}},"line":26},"4":{"name":"(anonymous_4)","decl":{"start":{"line":26,"column":29},"end":{"line":26,"column":30}},"loc":{"start":{"line":26,"column":35},"end":{"line":33,"column":7}},"line":26}},"branchMap":{"0":{"loc":{"start":{"line":5,"column":16},"end":{"line":5,"column":21}},"type":"default-arg","locations":[{"start":{"line":5,"column":20},"end":{"line":5,"column":21}}],"line":5},"1":{"loc":{"start":{"line":5,"column":27},"end":{"line":5,"column":52}},"type":"cond-expr","locations":[{"start":{"line":5,"column":39},"end":{"line":5,"column":40}},{"start":{"line":5,"column":43},"end":{"line":5,"column":52}}],"line":5},"2":{"loc":{"start":{"line":9,"column":12},"end":{"line":9,"column":24}},"type":"default-arg","locations":[{"start":{"line":9,"column":22},"end":{"line":9,"column":24}}],"line":9},"3":{"loc":{"start":{"line":9,"column":29},"end":{"line":9,"column":43}},"type":"binary-expr","locations":[{"start":{"line":9,"column":29},"end":{"line":9,"column":37}},{"start":{"line":9,"column":41},"end":{"line":9,"column":43}}],"line":9},"4":{"loc":{"start":{"line":10,"column":4},"end":{"line":12,"column":5}},"type":"if","locations":[{"start":{"line":10,"column":4},"end":{"line":12,"column":5}},{"start":{},"end":{}}],"line":10},"5":{"loc":{"start":{"line":10,"column":8},"end":{"line":10,"column":50}},"type":"binary-expr","locations":[{"start":{"line":10,"column":8},"end":{"line":10,"column":31}},{"start":{"line":10,"column":35},"end":{"line":10,"column":50}}],"line":10},"6":{"loc":{"start":{"line":18,"column":19},"end":{"line":18,"column":46}},"type":"binary-expr","locations":[{"start":{"line":18,"column":19},"end":{"line":18,"column":38}},{"start":{"line":18,"column":42},"end":{"line":18,"column":46}}],"line":18},"7":{"loc":{"start":{"line":19,"column":12},"end":{"line":19,"column":32}},"type":"binary-expr","locations":[{"start":{"line":19,"column":12},"end":{"line":19,"column":24}},{"start":{"line":19,"column":28},"end":{"line":19,"column":32}}],"line":19},"8":{"loc":{"start":{"line":22,"column":4},"end":{"line":22,"column":65}},"type":"if","locations":[{"start":{"line":22,"column":4},"end":{"line":22,"column":65}},{"start":{},"end":{}}],"line":22},"9":{"loc":{"start":{"line":26,"column":7},"end":{"line":26,"column":23}},"type":"binary-expr","locations":[{"start":{"line":26,"column":7},"end":{"line":26,"column":17}},{"start":{"line":26,"column":21},"end":{"line":26,"column":23}}],"line":26},"10":{"loc":{"start":{"line":28,"column":19},"end":{"line":28,"column":44}},"type":"binary-expr","locations":[{"start":{"line":28,"column":19},"end":{"line":28,"column":30}},{"start":{"line":28,"column":34},"end":{"line":28,"column":44}}],"line":28},"11":{"loc":{"start":{"line":30,"column":21},"end":{"line":30,"column":42}},"type":"binary-expr","locations":[{"start":{"line":30,"column":21},"end":{"line":30,"column":34}},{"start":{"line":30,"column":38},"end":{"line":30,"column":42}}],"line":30},"12":{"loc":{"start":{"line":32,"column":14},"end":{"line":32,"column":28}},"type":"binary-expr","locations":[{"start":{"line":32,"column":14},"end":{"line":32,"column":20}},{"start":{"line":32,"column":24},"end":{"line":32,"column":28}}],"line":32},"13":{"loc":{"start":{"line":35,"column":4},"end":{"line":38,"column":5}},"type":"if","locations":[{"start":{"line":35,"column":4},"end":{"line":38,"column":5}},{"start":{},"end":{}}],"line":35},"14":{"loc":{"start":{"line":37,"column":6},"end":{"line":37,"column":67}},"type":"if","locations":[{"start":{"line":37,"column":6},"end":{"line":37,"column":67}},{"start":{},"end":{}}],"line":37},"15":{"loc":{"start":{"line":42,"column":36},"end":{"line":42,"column":63}},"type":"binary-expr","locations":[{"start":{"line":42,"column":36},"end":{"line":42,"column":47}},{"start":{"line":42,"column":51},"end":{"line":42,"column":63}}],"line":42}},"s":{"0":1,"1":1,"2":1,"3":1,"4":0,"5":1,"6":0,"7":0,"8":0,"9":0,"10":0,"11":0,"12":0,"13":0,"14":0,"15":0,"16":0,"17":0,"18":0,"19":0,"20":0,"21":0,"22":0,"23":0,"24":1},"f":{"0":0,"1":0,"2":0,"3":0,"4":0},"b":{"0":[0],"1":[0,0],"2":[0],"3":[0,0],"4":[0,0],"5":[0,0],"6":[0,0],"7":[0,0],"8":[0,0],"9":[0,0],"10":[0,0],"11":[0,0],"12":[0,0],"13":[0,0],"14":[0,0],"15":[0,0]},"_coverageSchema":"1a1c01bbd47fc00a2c39e90264f33305004495a9","hash":"e97c727a6192c01c0325450cb80ce7a68fb729cf"}
,"C:\\Users\\Nicolas\\OneDrive\\Documentos\\GitHub\\SOFTWARE_2\\Back\\src\\routes\\orderRoutes.js": {"path":"C:\\Users\\Nicolas\\OneDrive\\Documentos\\GitHub\\SOFTWARE_2\\Back\\src\\routes\\orderRoutes.js","statementMap":{"0":{"start":{"line":1,"column":15},"end":{"line":1,"column":42}},"1":{"start":{"line":2,"column":20},"end":{"line":2,"column":57}},"2":{"start":{"line":3,"column":21},"end":{"line":3,"column":56}},"3":{"start":{"line":4,"column":23},"end":{"line":4,"column":63}},"4":{"start":{"line":6,"column":23},"end":{"line":13,"column":1}},"5":{"start":{"line":7,"column":2},"end":{"line":7,"column":39}},"6":{"start":{"line":7,"column":29},"end":{"line":7,"column":39}},"7":{"start":{"line":8,"column":2},"end":{"line":12,"column":6}},"8":{"start":{"line":8,"column":30},"end":{"line":12,"column":3}},"9":{"start":{"line":15,"column":18},"end":{"line":16,"column":79}},"10":{"start":{"line":16,"column":2},"end":{"line":16,"column":79}},"11":{"start":{"line":18,"column":0},"end":{"line":25,"column":3}},"12":{"start":{"line":19,"column":2},"end":{"line":24,"column":3}},"13":{"start":{"line":20,"column":19},"end":{"line":20,"column":67}},"14":{"start":{"line":21,"column":4},"end":{"line":21,"column":25}},"15":{"start":{"line":23,"column":4},"end":{"line":23,"column":26}},"16":{"start":{"line":27,"column":0},"end":{"line":47,"column":3}},"17":{"start":{"line":28,"column":2},"end":{"line":46,"column":3}},"18":{"start":{"line":29,"column":20},"end":{"line":29,"column":57}},"19":{"start":{"line":30,"column":18},"end":{"line":30,"column":48}},"20":{"start":{"line":31,"column":4},"end":{"line":31,"column":83}},"21":{"start":{"line":31,"column":18},"end":{"line":31,"column":83}},"22":{"start":{"line":32,"column":4},"end":{"line":32,"column":94}},"23":{"start":{"line":32,"column":23},"end":{"line":32,"column":94}},"24":{"start":{"line":34,"column":20},"end":{"line":40,"column":5}},"25":{"start":{"line":41,"column":18},"end":{"line":41,"column":69}},"26":{"start":{"line":42,"column":4},"end":{"line":42,"column":36}},"27":{"start":{"line":44,"column":4},"end":{"line":44,"column":50}},"28":{"start":{"line":45,"column":4},"end":{"line":45,"column":26}},"29":{"start":{"line":49,"column":0},"end":{"line":56,"column":3}},"30":{"start":{"line":50,"column":2},"end":{"line":55,"column":3}},"31":{"start":{"line":51,"column":18},"end":{"line":51,"column":83}},"32":{"start":{"line":52,"column":4},"end":{"line":52,"column":24}},"33":{"start":{"line":54,"column":4},"end":{"line":54,"column":26}},"34":{"start":{"line":58,"column":0},"end":{"line":65,"column":3}},"35":{"start":{"line":59,"column":2},"end":{"line":64,"column":3}},"36":{"start":{"line":60,"column":18},"end":{"line":60,"column":81}},"37":{"start":{"line":61,"column":4},"end":{"line":61,"column":24}},"38":{"start":{"line":63,"column":4},"end":{"line":63,"column":26}},"39":{"start":{"line":67,"column":0},"end":{"line":67,"column":62}},"40":{"start":{"line":68,"column":0},"end":{"line":68,"column":63}},"41":{"start":{"line":70,"column":0},"end":{"line":70,"column":24}}},"fnMap":{"0":{"name":"(anonymous_0)","decl":{"start":{"line":6,"column":23},"end":{"line":6,"column":24}},"loc":{"start":{"line":6,"column":39},"end":{"line":13,"column":1}},"line":6},"1":{"name":"(anonymous_1)","decl":{"start":{"line":8,"column":19},"end":{"line":8,"column":20}},"loc":{"start":{"line":8,"column":30},"end":{"line":12,"column":3}},"line":8},"2":{"name":"(anonymous_2)","decl":{"start":{"line":15,"column":18},"end":{"line":15,"column":19}},"loc":{"start":{"lin
[...]
d":{"line":4,"column":25}},"loc":{"start":{"line":4,"column":28},"end":{"line":34,"column":1}},"line":4},"1":{"name":"(anonymous_1)","decl":{"start":{"line":16,"column":34},"end":{"line":16,"column":35}},"loc":{"start":{"line":16,"column":46},"end":{"line":26,"column":3}},"line":16},"2":{"name":"(anonymous_2)","decl":{"start":{"line":28,"column":20},"end":{"line":28,"column":21}},"loc":{"start":{"line":28,"column":26},"end":{"line":33,"column":3}},"line":28},"3":{"name":"getStore","decl":{"start":{"line":36,"column":15},"end":{"line":36,"column":23}},"loc":{"start":{"line":36,"column":33},"end":{"line":44,"column":1}},"line":36},"4":{"name":"getProduct","decl":{"start":{"line":46,"column":15},"end":{"line":46,"column":25}},"loc":{"start":{"line":46,"column":37},"end":{"line":56,"column":1}},"line":46},"5":{"name":"createStore","decl":{"start":{"line":57,"column":15},"end":{"line":57,"column":26}},"loc":{"start":{"line":57,"column":49},"end":{"line":62,"column":1}},"line":57},"6":{"name":"updateStore","decl":{"start":{"line":64,"column":15},"end":{"line":64,"column":26}},"loc":{"start":{"line":64,"column":49},"end":{"line":71,"column":1}},"line":64},"7":{"name":"deleteStore","decl":{"start":{"line":73,"column":15},"end":{"line":73,"column":26}},"loc":{"start":{"line":73,"column":31},"end":{"line":76,"column":1}},"line":73},"8":{"name":"listProductsByStore","decl":{"start":{"line":78,"column":15},"end":{"line":78,"column":34}},"loc":{"start":{"line":78,"column":44},"end":{"line":85,"column":1}},"line":78},"9":{"name":"(anonymous_9)","decl":{"start":{"line":81,"column":26},"end":{"line":81,"column":27}},"loc":{"start":{"line":81,"column":32},"end":{"line":84,"column":3}},"line":81},"10":{"name":"createProduct","decl":{"start":{"line":87,"column":15},"end":{"line":87,"column":28}},"loc":{"start":{"line":87,"column":82},"end":{"line":92,"column":1}},"line":87},"11":{"name":"updateProduct","decl":{"start":{"line":94,"column":15},"end":{"line":94,"column":28}},"loc":{"start":{"line":94,"column":82},"end":{"line":104,"column":1}},"line":94},"12":{"name":"deleteProduct","decl":{"start":{"line":106,"column":15},"end":{"line":106,"column":28}},"loc":{"start":{"line":106,"column":33},"end":{"line":109,"column":1}},"line":106},"13":{"name":"exportCatalog","decl":{"start":{"line":112,"column":15},"end":{"line":112,"column":28}},"loc":{"start":{"line":112,"column":31},"end":{"line":124,"column":1}},"line":112},"14":{"name":"(anonymous_14)","decl":{"start":{"line":118,"column":33},"end":{"line":118,"column":34}},"loc":{"start":{"line":118,"column":39},"end":{"line":118,"column":90}},"line":118},"15":{"name":"(anonymous_15)","decl":{"start":{"line":119,"column":37},"end":{"line":119,"column":38}},"loc":{"start":{"line":119,"column":43},"end":{"line":122,"column":5}},"line":119},"16":{"name":"importCatalog","decl":{"start":{"line":126,"column":15},"end":{"line":126,"column":28}},"loc":{"start":{"line":126,"column":63},"end":{"line":141,"column":1}},"line":126},"17":{"name":"(anonymous_17)","decl":{"start":{"line":128,"column":29},"end":{"line":128,"column":30}},"loc":{"start":{"line":128,"column":35},"end":{"line":128,"column":94}},"line":128},"18":{"name":"(anonymous_18)","decl":{"start":{"line":133,"column":31},"end":{"line":133,"column":32}},"loc":{"start":{"line":133,"column":37},"end":{"line":136,"column":5}},"line":133}},"branchMap":{"0":{"loc":{"start":{"line":9,"column":2},"end":{"line":9,"column":33}},"type":"if","locations":[{"start":{"line":9,"column":2},"end":{"line":9,"column":33}},{"start":{},"end":{}}],"line":9},"1":{"loc":{"start":{"line":14,"column":2},"end":{"line":14,"column":31}},"type":"if","locations":[{"start":{"line":14,"column":2},"end":{"line":14,"column":31}},{"start":{},"end":{}}],"line":14},"2":{"loc":{"start":{"line":32,"column":15},"end":{"line":32,"column":34}},"type":"binary-expr","locations":[{"start":{"line":32,"column":15},"end":{"line":32,"column":28}},{"start":{"line":32,"column":32},"end":{"line":32,"column":34}}],"line":32},"3":{"loc":{"start":{"line":42,"column":2},"end":{"line":42,"column":25}},"type":"if","locations":[{"start":{"line":42,"column":2},"end":{"line":42,"column":25}},{"start":{},"end":{}}],"line":42},"4":{"loc":{"start":{"line":43,"column":9},"end":{"line":43,"column":83}},"type":"cond-expr","locations":[{"start":{"line":43,"column":16},"end":{"line":43,"column":76}},{"start":{"line":43,"column":79},"end":{"line":43,"column":83}}],"line":43},"5":{"loc":{"start":{"line":52,"column":2},"end":{"line":52,"column":25}},"type":"if","locations":[{"start":{"line":52,"column":2},"end":{"line":52,"column":25}},{"start":{},"end":{}}],"line":52},"6":{"loc":{"start":{"line":53,"column":9},"end":{"line":55,"column":10}},"type":"cond-expr","locations":[{"start":{"line":54,"column":6},"end":{"line":54,"column":145}},{"start":{"line":55,"column":6},"end":{"line":55,"column":10}}],"line":53},"7":{"loc":{"start":{"line":58,"column":49},"end":{"line":58,"column":61}},"type":"binary-expr","locations":[{"start":{"line":58,"column":49},"end":{"line":58,"column":53}},{"start":{"line":58,"column":57},"end":{"line":58,"column":61}}],"line":58},"8":{"loc":{"start":{"line":60,"column":2},"end":{"line":60,"column":25}},"type":"if","locations":[{"start":{"line":60,"column":2},"end":{"line":60,"column":25}},{"start":{},"end":{}}],"line":60},"9":{"loc":{"start":{"line":66,"column":2},"end":{"line":66,"column":57}},"type":"if","locations":[{"start":{"line":66,"column":2},"end":{"line":66,"column":57}},{"start":{},"end":{}}],"line":66},"10":{"loc":{"start":{"line":67,"column":2},"end":{"line":67,"column":44}},"type":"if","locations":[{"start":{"line":67,"column":2},"end":{"line":67,"column":44}},{"start":{},"end":{}}],"line":67},"11":{"loc":{"start":{"line":69,"column":2},"end":{"line":69,"column":25}},"type":"if","locations":[{"start":{"line":69,"column":2},"end":{"line":69,"column":25}},{"start":{},"end":{}}],"line":69},"12":{"loc":{"start":{"line":75,"column":2},"end":{"line":75,"column":25}},"type":"if","locations":[{"start":{"line":75,"column":2},"end":{"line":75,"column":25}},{"start":{},"end":{}}],"line":75},"13":{"loc":{"start":{"line":80,"column":2},"end":{"line":80,"column":25}},"type":"if","locations":[{"start":{"line":80,"column":2},"end":{"line":80,"column":25}},{"start":{},"end":{}}],"line":80},"14":{"loc":{"start":{"line":81,"column":10},"end":{"line":81,"column":20}},"type":"binary-expr","locations":[{"start":{"line":81,"column":10},"end":{"line":81,"column":14}},{"start":{"line":81,"column":18},"end":{"line":81,"column":20}}],"line":81},"15":{"loc":{"start":{"line":88,"column":62},"end":{"line":88,"column":81}},"type":"binary-expr","locations":[{"start":{"line":88,"column":62},"end":{"line":88,"column":73}},{"start":{"line":88,"column":77},"end":{"line":88,"column":81}}],"line":88},"16":{"loc":{"start":{"line":88,"column":97},"end":{"line":88,"column":109}},"type":"binary-expr","locations":[{"start":{"line":88,"column":97},"end":{"line":88,"column":101}},{"start":{"line":88,"column":105},"end":{"line":88,"column":109}}],"line":88},"17":{"loc":{"start":{"line":90,"column":2},"end":{"line":90,"column":25}},"type":"if","locations":[{"start":{"line":90,"column":2},"end":{"line":90,"column":25}},{"start":{},"end":{}}],"line":90},"18":{"loc":{"start":{"line":96,"column":2},"end":{"line":96,"column":57}},"type":"if","locations":[{"start":{"line":96,"column":2},"end":{"line":96,"column":57}},{"start":{},"end":{}}],"line":96},"19":{"loc":{"start":{"line":97,"column":2},"end":{"line":97,"column":50}},"type":"if","locations":[{"start":{"line":97,"column":2},"end":{"line":97,"column":50}},{"start":{},"end":{}}],"line":97},"20":{"loc":{"start":{"line":98,"column":2},"end":{"line":98,"column":65}},"type":"if","locations":[{"start":{"line":98,"column":2},"end":{"line":98,"column":65}},{"start":{},"end":{}}],"line":98},"21":{"loc":{"start":{"line":99,"column":2},"end":{"line":99,"column":50}},"type":"if","locations":[{"start":{"line":99,"column":2},"end":{"line":99,"column":50}},{"start":{},"end":{}}],"line":99},"22":{"loc":{"start":{"line":100,"column":2},"end":{"line":100,"column":44}},"type":"if","locations":[{"start":{"line":100,"column":2},"end":{"line":100,"column":44}},{"start":{},"end":{}}],"line":100},"23":{"loc":{"start":{"line":102,"column":2},"end":{"line":102,"column":25}},"type":"if","locations":[{"start":{"line":102,"column":2},"end":{"line":102,"column":25}},{"start":{},"end":{}}],"line":102},"24":{"loc":{"start":{"line":108,"column":2},"end":{"line":108,"column":25}},"type":"if","locations":[{"start":{"line":108,"column":2},"end":{"line":108,"column":25}},{"start":{},"end":{}}],"line":108},"25":{"loc":{"start":{"line":114,"column":2},"end":{"line":114,"column":19}},"type":"if","locations":[{"start":{"line":114,"column":2},"end":{"line":114,"column":19}},{"start":{},"end":{}}],"line":114},"26":{"loc":{"start":{"line":116,"column":2},"end":{"line":116,"column":19}},"type":"if","locations":[{"start":{"line":116,"column":2},"end":{"line":116,"column":19}},{"start":{},"end":{}}],"line":116},"27":{"loc":{"start":{"line":118,"column":14},"end":{"line":118,"column":27}},"type":"binary-expr","locations":[{"start":{"line":118,"column":14},"end":{"line":118,"column":21}},{"start":{"line":118,"column":25},"end":{"line":118,"column":27}}],"line":118},"28":{"loc":{"start":{"line":119,"column":16},"end":{"line":119,"column":31}},"type":"binary-expr","locations":[{"start":{"line":119,"column":16},"end":{"line":119,"column":25}},{"start":{"line":119,"column":29},"end":{"line":119,"column":31}}],"line":119},"29":{"loc":{"start":{"line":126,"column":31},"end":{"line":126,"column":43}},"type":"default-arg","locations":[{"start":{"line":126,"column":41},"end":{"line":126,"column":43}}],"line":126},"30":{"loc":{"start":{"line":126,"column":45},"end":{"line":126,"column":59}},"type":"default-arg","locations":[{"start":{"line":126,"column":57},"end":{"line":126,"column":59}}],"line":126},"31":{"loc":{"start":{"line":127,"column":2},"end":{"line":131,"column":3}},"type":"if","locations":[{"start":{"line":127,"column":2},"end":{"line":131,"column":3}},{"start":{},"end":{}}],"line":127},"32":{"loc":{"start":{"line":128,"column":78},"end":{"line":128,"column":92}},"type":"binary-expr","locations":[{"start":{"line":128,"column":78},"end":{"line":128,"column":84}},{"start":{"line":128,"column":88},"end":{"line":128,"column":92}}],"line":128},"33":{"loc":{"start":{"line":130,"column":4},"end":{"line":130,"column":27}},"type":"if","locations":[{"start":{"line":130,"column":4},"end":{"line":130,"column":27}},{"start":{},"end":{}}],"line":130},"34":{"loc":{"start":{"line":132,"column":2},"end":{"line":139,"column":3}},"type":"if","locations":[{"start":{"line":132,"column":2},"end":{"line":139,"column":3}},{"start":{},"end":{}}],"line":132},"35":{"loc":{"start":{"line":135,"column":19},"end":{"line":135,"column":40}},"type":"binary-expr","locations":[{"start":{"line":135,"column":19},"end":{"line":135,"column":32}},{"start":{"line":135,"column":36},"end":{"line":135,"column":40}}],"line":135},"36":{"loc":{"start":{"line":135,"column":66},"end":{"line":135,"column":80}},"type":"binary-expr","locations":[{"start":{"line":135,"column":66},"end":{"line":135,"column":72}},{"start":{"line":135,"column":76},"end":{"line":135,"column":80}}],"line":135},"37":{"loc":{"start":{"line":138,"column":4},"end":{"line":138,"column":27}},"type":"if","locations":[{"start":{"line":138,"column":4},"end":{"line":138,"column":27}},{"start":{},"end":{}}],"line":138}},"s":{"0":1,"1":0,"2":0,"3":0,"4":0,"5":0,"6":0,"7":0,"8":0,"9":0,"10":0,"11":0,"12":0,"13":0,"14":0,"15":0,"16":0,"17":0,"18":0,"19":0,"20":0,"21":0,"22":0,"23":0,"24":0,"25":0,"26":0,"27":0,"28":0,"29":0,"30":0,"31":0,"32":0,"33":0,"34":0,"35":0,"36":0,"37":0,"38":0,"39":0,"40":0,"41":0,"42":0,"43":0,"44":0,"45":0,"46":0,"47":0,"48":0,"49":0,"50":0,"51":0,"52":0,"53":0,"54":0,"55":0,"56":0,"57":0,"58":0,"59":0,"60":0,"61":0,"62":0,"63":0,"64":0,"65":0,"66":0,"67":0,"68":0,"69":0,"70":0,"71":0,"72":0,"73":0,"74":0,"75":0,"76":0,"77":0,"78":0,"79":0,"80":0,"81":0,"82":0,"83":0,"84":0,"85":0,"86":0,"87":0,"88":1},"f":{"0":0,"1":0,"2":0,"3":0,"4":0,"5":0,"6":0,"7":0,"8":0,"9":0,"10":0,"11":0,"12":0,"13":0,"14":0,"15":0,"16":0,"17":0,"18":0},"b":{"0":[0,0],"1":[0,0],"2":[0,0],"3":[0,0],"4":[0,0],"5":[0,0],"6":[0,0],"7":[0,0],"8":[0,0],"9":[0,0],"10":[0,0],"11":[0,0],"12":[0,0],"13":[0,0],"14":[0,0],"15":[0,0],"16":[0,0],"17":[0,0],"18":[0,0],"19":[0,0],"20":[0,0],"21":[0,0],"22":[0,0],"23":[0,0],"24":[0,0],"25":[0,0],"26":[0,0],"27":[0,0],"28":[0,0],"29":[0],"30":[0],"31":[0,0],"32":[0,0],"33":[0,0],"34":[0,0],"35":[0,0],"36":[0,0],"37":[0,0]},"_coverageSchema":"1a1c01bbd47fc00a2c39e90264f33305004495a9","hash":"c9485be08ed68eb445450cf07751a53c3dd5f3f0"}
,"C:\\Users\\Nicolas\\OneDrive\\Documentos\\GitHub\\SOFTWARE_2\\Back\\src\\services\\userService.js": {"path":"C:\\Users\\Nicolas\\OneDrive\\Documentos\\GitHub\\SOFTWARE_2\\Back\\src\\services\\userService.js","statementMap":{"0":{"start":{"line":2,"column":21},"end":{"line":2,"column":48}},"1":{"start":{"line":3,"column":16},"end":{"line":3,"column":44}},"2":{"start":{"line":4,"column":20},"end":{"line":4,"column":44}},"3":{"start":{"line":7,"column":14},"end":{"line":7,"column":51}},"4":{"start":{"line":8,"column":2},"end":{"line":12,"column":3}},"5":{"start":{"line":9,"column":18},"end":{"line":9,"column":52}},"6":{"start":{"line":10,"column":4},"end":{"line":10,"column":23}},"7":{"start":{"line":11,"column":4},"end":{"line":11,"column":16}},"8":{"start":{"line":13,"column":2},"end":{"line":13,"column":13}},"9":{"start":{"line":17,"column":14},"end":{"line":17,"column":39}},"10":{"start":{"line":18,"column":2},"end":{"line":18,"column":39}},"11":{"start":{"line":22,"column":2},"end":{"line":22,"column":28}},"12":{"start":{"line":23,"column":18},"end":{"line":23,"column":20}},"13":{"start":{"line":24,"column":2},"end":{"line":24,"column":62}},"14":{"start":{"line":24,"column":22},"end":{"line":24,"column":62}},"15":{"start":{"line":25,"column":2},"end":{"line":25,"column":71}},"16":{"start":{"line":25,"column":37},"end":{"line":25,"column":71}},"17":{"start":{"line":26,"column":2},"end":{"line":26,"column":62}},"18":{"start":{"line":26,"column":34},"end":{"line":26,"column":62}},"19":{"start":{"line":28,"column":26},"end":{"line":33,"column":13}},"20":{"start":{"line":34,"column":2},"end":{"line":34,"column":25}},"21":{"start":{"line":34,"column":13},"end":{"line":34,"column":25}},"22":{"start":{"line":35,"column":2},"end":{"line":35,"column":40}},"23":{"start":{"line":39,"column":2},"end":{"line":39,"column":28}},"24":{"start":{"line":40,"column":26},"end":{"line":43,"column":29}},"25":{"start":{"line":44,"column":2},"end":{"line":44,"column":25}},"26":{"start":{"line":44,"column":13},"end":{"line":44,"column":25}},"27":{"start":{"line":45,"column":2},"end":{"line":45,"column":14}},"28":{"start":{"line":49,"column":2},"end":{"line":49,"column":28}},"29":{"start":{"line":50,"column":15},"end":{"line":50,"column":35}},"30":{"start":{"line":51,"column":26},"end":{"line":64,"column":13}},"31":{"start":{"line":65,"column":2},"end":{"line":65,"column":25}},"32":{"start":{"line":65,"column":13},"end":{"line":65,"column":25}},"33":{"start":{"line":66,"column":2},"end":{"line":66,"column":14}},"34":{"start":{"line":70,"column":2},"end":{"line":70,"column":28}},"35":{"start":{"line":71,"column":20},"end":{"line":75,"column":29}},"36":{"start":{"line":76,"column":2},"end":{"line":76,"column":25}},"37":{"start":{"line":76,"column":13},"end":{"line":76,"column":25}},"38":{"start":{"line":79,"column":0},"end":{"line":85,"column":2}}},"fnMap":{"0":{"name":"requireUser","decl":{"start":{"line":6,"column":15},"end":{"line":6,"column":26}},"loc":{"start":{"line":6,"column":35},"end":{"line":14,"column":1}},"line":6},"1":{"name":"getProfile","decl":{"start":{"line":16,"column":15},"end":{"line":16,"column":25}},"loc":{"start":{"line":16,"column":34},"end":{"line":19,"column":1}},"line":16},"2":{"name":"updateProfile","decl":{"start":{"line":21,"column":15},"end":{"line":21,"column":28}},"loc":{"start":{"line":21,"column":46},"end":{"line":36,"column":1}},"line":21},"3":{"name":"listCards","decl":{"start":{"line":38,"column":15},"end":{"line":38,"column":24}},"loc":{"start":{"line":38,"column":33},"end":{"line":46,"column":1}},"line":38},"4":{"name":"addCard","decl":{"start":{"line":48,"column":15},"end":{"line":48,"column":22}},"loc":{"start":{"line":48,"column":40},"end":{"line":67,"column":1}},"line":48},"5":{"name":"removeCard","decl":{"start":{"line":69,"column":15},"end":{"line":69,"column":25}},"loc":{"start":{"line":69,"column":42},"end":{"line":77,"column":1}},"line":69}},"branchMap":{"0":{"loc":{"start":{"line":8,"column":2},"end":{"line":12,"column":3}},"type":"if","locations":[{"start":{"line":8,"column":2},"end":{"line":12,"column":3}},{"start":{},"end":{}}],"line":8},"1":{"loc":{"start":{"line":24,"column":2},"end":{"line":24,"column":62}},"type":"if","locations":[{"start":{"line":24,"column":2},"end":{"line":24,"column":62}},{"start":{},"end":{}}],"line":24},"2":{"loc":{"start":{"line":25,"column":2},"end":{"line":25,"column":71}},"type":"if","locations":[{"start":{"line":25,"column":2},"end":{"line":25,"column":71}},{"start":{},"end":{}}],"line":25},"3":{"loc":{"start":{"line":26,"column":2},"end":{"line":26,"column":62}},"type":"if","locations":[{"start":{"line":26,"column":2},"end":{"line":26,"column":62}},{"start":{},"end":{}}],"line":26},"4":{"loc":{"start":{"line":34,"column":2},"end":{"line":34,"column":25}},"type":"if","locations":[{"start":{"line":34,"column":2},"end":{"line":34,"column":25}},{"start":{},"end":{}}],"line":34},"5":{"loc":{"start":{"line":44,"column":2},"end":{"line":44,"column":25}},"type":"if","locations":[{"start":{"line":44,"column":2},"end":{"line":44,"column":25}},{"start":{},"end":{}}],"line":44},"6":{"loc":{"start":{"line":65,"column":2},"end":{"line":65,"column":25}},"type":"if","locations":[{"start":{"line":65,"column":2},"end":{"line":65,"column":25}},{"start":{},"end":{}}],"line":65},"7":{"loc":{"start":{"line":76,"column":2},"end":{"line":76,"column":25}},"type":"if","locations":[{"start":{"line":76,"column":2},"end":{"line":76,"column":25}},{"start":{},"end":{}}],"line":76}},"s":{"0":1,"1":1,"2":1,"3":0,"4":0,"5":0,"6":0,"7":0,"8":0,"9":0,"10":0,"11":0,"12":0,"13":0,"14":0,"15":0,"16":0,"17":0,"18":0,"19":0,"20":0,"21":0,"22":0,"23":0,"24":0,"25":0,"26":0,"27":0,"28":0,"29":0,"30":0,"31":0,"32":0,"33":0,"34":0,"35":0,"36":0,"37":0,"38":1},"f":{"0":0,"1":0,"2":0,"3":0,"4":0,"5":0},"b":{"0":[0,0],"1":[0,0],"2":[0,0],"3":[0,0],"4":[0,0],"5":[0,0],"6":[0,0],"7":[0,0]},"_coverageSchema":"1a1c01bbd47fc00a2c39e90264f33305004495a9","hash":"20547954e842f08678e1f5e4bbf8bd8cb7aec4a0"}
,"C:\\Users\\Nicolas\\OneDrive\\Documentos\\GitHub\\SOFTWARE_2\\Back\\src\\utils\\id.js": {"path":"C:\\Users\\Nicolas\\OneDrive\\Documentos\\GitHub\\SOFTWARE_2\\Back\\src\\utils\\id.js","statementMap":{"0":{"start":{"line":1,"column":14},"end":{"line":1,"column":15}},"1":{"start":{"line":4,"column":2},"end":{"line":4,"column":52}},"2":{"start":{"line":5,"column":15},"end":{"line":5,"column":38}},"3":{"start":{"line":6,"column":16},"end":{"line":6,"column":36}},"4":{"start":{"line":7,"column":2},"end":{"line":7,"column":36}},"5":{"start":{"line":10,"column":0},"end":{"line":10,"column":32}}},"fnMap":{"0":{"name":"generateId","decl":{"start":{"line":3,"column":9},"end":{"line":3,"column":19}},"loc":{"start":{"line":3,"column":33},"end":{"line":8,"column":1}},"line":3}},"branchMap":{"0":{"loc":{"start":{"line":3,"column":20},"end":{"line":3,"column":31}},"type":"default-arg","locations":[{"start":{"line":3,"column":29},"end":{"line":3,"column":31}}],"line":3}},"s":{"0":1,"1":0,"2":0,"3":0,"4":0,"5":1},"f":{"0":0},"b":{"0":[0]},"_coverageSchema":"1a1c01bbd47fc00a2c39e90264f33305004495a9","hash":"c6688ab3f74bcf98adc3cc047a77f361c036967d"}
}
