{"total": {"lines":{"total":748,"covered":140,"skipped":0,"pct":18.71},"statements":{"total":831,"covered":143,"skipped":0,"pct":17.2},"functions":{"total":138,"covered":5,"skipped":0,"pct":3.62},"branches":{"total":486,"covered":10,"skipped":0,"pct":2.05},"branchesTrue":{"total":0,"covered":0,"skipped":0,"pct":100}}
,"C:\\Users\\Nicolas\\OneDrive\\Documentos\\GitHub\\SOFTWARE_2\\Back\\src\\app.js": {"lines":{"total":39,"covered":28,"skipped":0,"pct":71.79},"functions":{"total":6,"covered":5,"skipped":0,"pct":83.33},"statements":{"total":44,"covered":31,"skipped":0,"pct":70.45},"branches":{"total":28,"covered":8,"skipped":0,"pct":28.57}}
,"C:\\Users\\Nicolas\\OneDrive\\Documentos\\GitHub\\SOFTWARE_2\\Back\\src\\constants\\orderStatus.js": {"lines":{"total":4,"covered":3,"skipped":0,"pct":75},"functions":{"total":1,"covered":0,"skipped":0,"pct":0},"statements":{"total":4,"covered":3,"skipped":0,"pct":75},"branches":{"total":0,"covered":0,"skipped":0,"pct":100}}
,"C:\\Users\\Nicolas\\OneDrive\\Documentos\\GitHub\\SOFTWARE_2\\Back\\src\\controllers\\authController.js": {"lines":{"total":13,"covered":3,"skipped":0,"pct":23.07},"functions":{"total":2,"covered":0,"skipped":0,"pct":0},"statements":{"total":13,"covered":3,"skipped":0,"pct":23.07},"branches":{"total":16,"covered":0,"skipped":0,"pct":0}}
,"C:\\Users\\Nicolas\\OneDrive\\Documentos\\GitHub\\SOFTWARE_2\\Back\\src\\controllers\\chatController.js": {"lines":{"total":15,"covered":2,"skipped":0,"pct":13.33},"functions":{"total":2,"covered":0,"skipped":0,"pct":0},"statements":{"total":15,"covered":2,"skipped":0,"pct":13.33},"branches":{"total":2,"covered":0,"skipped":0,"pct":0}}
,"C:\\Users\\Nicolas\\OneDrive\\Documentos\\GitHub\\SOFTWARE_2\\Back\\src\\controllers\\orderController.js": {"lines":{"total":38,"covered":0,"skipped":0,"pct":0},"functions":{"total":6,"covered":0,"skipped":0,"pct":0},"statements":{"total":40,"covered":0,"skipped":0,"pct":0},"branches":{"total":37,"covered":0,"skipped":0,"pct":0}}
,"C:\\Users\\Nicolas\\OneDrive\\Documentos\\GitHub\\SOFTWARE_2\\Back\\src\\controllers\\storeController.js": {"lines":{"total":6,"covered":0,"skipped":0,"pct":0},"functions":{"total":1,"covered":0,"skipped":0,"pct":0},"statements":{"total":6,"covered":0,"skipped":0,"pct":0},"branches":{"total":0,"covered":0,"skipped":0,"pct":100}}
,"C:\\Users\\Nicolas\\OneDrive\\Documentos\\GitHub\\SOFTWARE_2\\Back\\src\\controllers\\userController.js": {"lines":{"total":26,"covered":6,"skipped":0,"pct":23.07},"functions":{"total":5,"covered":0,"skipped":0,"pct":0},"statements":{"total":26,"covered":6,"skipped":0,"pct":23.07},"branches":{"total":17,"covered":0,"skipped":0,"pct":0}}
,"C:\\Users\\Nicolas\\OneDrive\\Documentos\\GitHub\\SOFTWARE_2\\Back\\src\\data\\database.js": {"lines":{"total":8,"covered":0,"skipped":0,"pct":0},"functions":{"total":0,"covered":0,"skipped":0,"pct":100},"statements":{"total":8,"covered":0,"skipped":0,"pct":0},"branches":{"total":4,"covered":0,"skipped":0,"pct":0}}
,"C:\\Users\\Nicolas\\OneDrive\\Documentos\\GitHub\\SOFTWARE_2\\Back\\src\\middlewares\\authMiddleware.js": {"lines":{"total":20,"covered":2,"skipped":0,"pct":10},"functions":{"total":1,"covered":0,"skipped":0,"pct":0},"statements":{"total":20,"covered":2,"skipped":0,"pct":10},"branches":{"total":10,"covered":0,"skipped":0,"pct":0}}
,"C:\\Users\\Nicolas\\OneDrive\\Documentos\\GitHub\\SOFTWARE_2\\Back\\src\\middlewares\\errorMiddleware.js": {"lines":{"total":5,"covered":0,"skipped":0,"pct":0},"functions":{"total":1,"covered":0,"skipped":0,"pct":0},"statements":{"total":5,"covered":0,"skipped":0,"pct":0},"branches":{"total":6,"covered":0,"skipped":0,"pct":0}}
,"C:\\Users\\Nicolas\\OneDrive\\Documentos\\GitHub\\SOFTWARE_2\\Back\\src\\middlewares\\requireAdmin.js": {"lines":{"total":13,"covered":2,"skipped":0,"pct":15.38},"functions":{"total":1,"covered":0,"skipped":0,"pct":0},"statements":{"total":16,"covered":2,"skipped":0,"pct":12.5},"branches":{"total":10,"covered":0,"skipped":0,"pct":0}}
,"C:\\Users\\Nicolas\\OneDrive\\Documentos\\GitHub\\SOFTWARE_2\\Back\\src\\middlewares\\requireAuth.js": {"lines":{"total":13,"covered":3,"skipped":0,"pct":23.07},"functions":{"total":1,"covered":0,"skipped":0,"pct":0},"statements":{"total":14,"covered":3,"skipped":0,"pct":21.42},"branches":{"total":11,"covered":0,"skipped":0,"pct":0}}
,"C:\\Users\\Nicolas\\OneDrive\\Documentos\\GitHub\\SOFTWARE_2\\Back\\src\\middlewares\\roleMiddleware.js": {"lines":{"total":10,"covered":0,"skipped":0,"pct":0},"functions":{"total":2,"covered":0,"skipped":0,"pct":0},"statements":{"total":11,"covered":0,"skipped":0,"pct":0},"branches":{"total":7,"covered":0,"skipped":0,"pct":0}}
,"C:\\Users\\Nicolas\\OneDrive\\Documentos\\GitHub\\SOFTWARE_2\\Back\\src\\models\\HistorialEstado.js": {"lines":{"total":8,"covered":2,"skipped":0,"pct":25},"functions":{"total":2,"covered":0,"skipped":0,"pct":0},"statements":{"total":8,"covered":2,"skipped":0,"pct":25},"branches":{"total":5,"covered":0,"skipped":0,"pct":0}}
,"C:\\Users\\Nicolas\\OneDrive\\Documentos\\GitHub\\SOFTWARE_2\\Back\\src\\models\\Orden.js": {"lines":{"total":23,"covered":3,"skipped":0,"pct":13.04},"functions":{"total":4,"covered":0,"skipped":0,"pct":0},"statements":{"total":23,"covered":3,"skipped":0,"pct":13.04},"branches":{"total":14,"covered":0,"skipped":0,"pct":0}}
,"C:\\Users\\Nicolas\\OneDrive\\Documentos\\GitHub\\SOFTWARE_2\\Back\\src\\models\\OrdenProducto.js": {"lines":{"total":9,"covered":2,"skipped":0,"pct":22.22},"functions":{"total":3,"covered":0,"skipped":0,"pct":0},"statements":{"total":9,"covered":2,"skipped":0,"pct":22.22},"branches":{"total":3,"covered":0,"skipped":0,"pct":0}}
,"C:\\Users\\Nicolas\\OneDrive\\Documentos\\GitHub\\SOFTWARE_2\\Back\\src\\models\\OrdenUsuario.js": {"lines":{"total":8,"covered":2,"skipped":0,"pct":25},"functions":{"total":2,"covered":0,"skipped":0,"pct":0},"statements":{"total":8,"covered":2,"skipped":0,"pct":25},"branches":{"total":5,"covered":0,"skipped":0,"pct":0}}
,"C:\\Users\\Nicolas\\OneDrive\\Documentos\\GitHub\\SOFTWARE_2\\Back\\src\\models\\Producto.js": {"lines":{"total":9,"covered":0,"skipped":0,"pct":0},"functions":{"total":2,"covered":0,"skipped":0,"pct":0},"statements":{"total":9,"covered":0,"skipped":0,"pct":0},"branches":{"total":3,"covered":0,"skipped":0,"pct":0}}
,"C:\\Users\\Nicolas\\OneDrive\\Documentos\\GitHub\\SOFTWARE_2\\Back\\src\\models\\Tarjeta.js": {"lines":{"total":19,"covered":2,"skipped":0,"pct":10.52},"functions":{"total":5,"covered":0,"skipped":0,"pct":0},"statements":{"total":19,"covered":2,"skipped":0,"pct":10.52},"branches":{"total":10,"covered":0,"skipped":0,"pct":0}}
,"C:\\Users\\Nicolas\\OneDrive\\Documentos\\GitHub\\SOFTWARE_2\\Back\\src\\models\\Tienda.js": {"lines":{"total":9,"covered":0,"skipped":0,"pct":0},"functions":{"total":4,"covered":0,"skipped":0,"pct":0},"statements":{"total":9,"covered":0,"skipped":0,"pct":0},"branches":{"total":2,"covered":0,"skipped":0,"pct":0}}
,"C:\\Users\\Nicolas\\OneDrive\\Documentos\\GitHub\\SOFTWARE_2\\Back\\src\\models\\Usuario.js": {"lines":{"total":32,"covered":3,"skipped":0,"pct":9.37},"functions":{"total":12,"covered":0,"skipped":0,"pct":0},"statements":{"total":32,"covered":3,"skipped":0,"pct":9.37},"branches":{"total":9,"covered":0,"skipped":0,"pct":0}}
,"C:\\Users\\Nicolas\\OneDrive\\Documentos\\GitHub\\SOFTWARE_2\\Back\\src\\routes\\authRoutes.js": {"lines":{"total":6,"covered":6,"skipped":0,"pct":100},"functions":{"total":0,"covered":0,"skipped":0,"pct":100},"statements":{"total":6,"covered":6,"skipped":0,"pct":100},"branches":{"total":0,"covered":0,"skipped":0,"pct":100}}
,"C:\\Users\\Nicolas\\OneDrive\\Documentos\\GitHub\\SOFTWARE_2\\Back\\src\\routes\\catalogRoutes.js": {"lines":{"total":20,"covered":6,"skipped":0,"pct":30},"functions":{"total":5,"covered":0,"skipped":0,"pct":0},"statements":{"total":25,"covered":6,"skipped":0,"pct":24},"branches":{"total":30,"covered":0,"skipped":0,"pct":0}}
,"C:\\Users\\Nicolas\\OneDrive\\Documentos\\GitHub\\SOFTWARE_2\\Back\\src\\routes\\orderRoutes.js": {"lines":{"total":38,"covered":13,"skipped":0,"pct":34.21},"functions":{"total":7,"covered":0,"skipped":0,"pct":0},"statements":{"total":42,"covered":13,"skipped":0,"pct":30.95},"branches":{"total":33,"covered":0,"skipped":0,"pct":0}}
,"C:\\Users\\Nicolas\\OneDrive\\Documentos\\GitHub\\SOFTWARE_2\\Back\\src\\routes\\storeRoutes.js": {"lines":{"total":35,"covered":14,"skipped":0,"pct":40},"functions":{"total":10,"covered":0,"skipped":0,"pct":0},"statements":{"total":35,"covered":14,"skipped":0,"pct":40},"branches":{"total":0,"covered":0,"skipped":0,"pct":100}}
,"C:\\Users\\Nicolas\\OneDrive\\Documentos\\GitHub\\SOFTWARE_2\\Back\\src\\routes\\userRoutes.js": {"lines":{"total":11,"covered":11,"skipped":0,"pct":100},"functions":{"total":0,"covered":0,"skipped":0,"pct":100},"statements":{"total":11,"covered":11,"skipped":0,"pct":100},"branches":{"total":0,"covered":0,"skipped":0,"pct":100}}
,"C:\\Users\\Nicolas\\OneDrive\\Documentos\\GitHub\\SOFTWARE_2\\Back\\src\\seed\\seedData.js": {"lines":{"total":28,"covered":0,"skipped":0,"pct":0},"functions":{"total":4,"covered":0,"skipped":0,"pct":0},"statements":{"total":28,"covered":0,"skipped":0,"pct":0},"branches":{"total":2,"covered":0,"skipped":0,"pct":0}}
,"C:\\Users\\Nicolas\\OneDrive\\Documentos\\GitHub\\SOFTWARE_2\\Back\\src\\services\\authService.js": {"lines":{"total":37,"covered":6,"skipped":0,"pct":16.21},"functions":{"total":7,"covered":0,"skipped":0,"pct":0},"statements":{"total":40,"covered":6,"skipped":0,"pct":15},"branches":{"total":22,"covered":2,"skipped":0,"pct":9.09}}
,"C:\\Users\\Nicolas\\OneDrive\\Documentos\\GitHub\\SOFTWARE_2\\Back\\src\\services\\chatService.js": {"lines":{"total":24,"covered":2,"skipped":0,"pct":8.33},"functions":{"total":4,"covered":0,"skipped":0,"pct":0},"statements":{"total":28,"covered":2,"skipped":0,"pct":7.14},"branches":{"total":21,"covered":0,"skipped":0,"pct":0}}
,"C:\\Users\\Nicolas\\OneDrive\\Documentos\\GitHub\\SOFTWARE_2\\Back\\src\\services\\orderService.js": {"lines":{"total":121,"covered":11,"skipped":0,"pct":9.09},"functions":{"total":12,"covered":0,"skipped":0,"pct":0},"statements":{"total":143,"covered":11,"skipped":0,"pct":7.69},"branches":{"total":88,"covered":0,"skipped":0,"pct":0}}
,"C:\\Users\\Nicolas\\OneDrive\\Documentos\\GitHub\\SOFTWARE_2\\Back\\src\\services\\storeService.js": {"lines":{"total":63,"covered":2,"skipped":0,"pct":3.17},"functions":{"total":19,"covered":0,"skipped":0,"pct":0},"statements":{"total":89,"covered":2,"skipped":0,"pct":2.24},"branches":{"total":74,"covered":0,"skipped":0,"pct":0}}
,"C:\\Users\\Nicolas\\OneDrive\\Documentos\\GitHub\\SOFTWARE_2\\Back\\src\\services\\userService.js": {"lines":{"total":32,"covered":4,"skipped":0,"pct":12.5},"functions":{"total":6,"covered":0,"skipped":0,"pct":0},"statements":{"total":39,"covered":4,"skipped":0,"pct":10.25},"branches":{"total":16,"covered":0,"skipped":0,"pct":0}}
,"C:\\Users\\Nicolas\\OneDrive\\Documentos\\GitHub\\SOFTWARE_2\\Back\\src\\utils\\id.js": {"lines":{"total":6,"covered":2,"skipped":0,"pct":33.33},"functions":{"total":1,"covered":0,"skipped":0,"pct":0},"statements":{"total":6,"covered":2,"skipped":0,"pct":33.33},"branches":{"total":1,"covered":0,"skipped":0,"pct":0}}
}
